\BOOKMARK [0][-]{dummy.1}{\376\377\000A\000b\000s\000t\000r\000a\000c\000t}{}% 1
\BOOKMARK [0][-]{dummy.2}{\376\377\000A\000c\000k\000n\000o\000w\000l\000e\000d\000g\000e\000m\000e\000n\000t\000s}{}% 2
\BOOKMARK [0][-]{dummy.3}{\376\377\000C\000o\000n\000t\000e\000n\000t\000s}{}% 3
\BOOKMARK [0][-]{dummy.5}{\376\377\000L\000i\000s\000t\000\040\000o\000f\000\040\000F\000i\000g\000u\000r\000e\000s}{}% 4
\BOOKMARK [0][-]{dummy.7}{\376\377\000L\000i\000s\000t\000\040\000o\000f\000\040\000T\000a\000b\000l\000e\000s}{}% 5
\BOOKMARK [0][-]{chapter.9}{\376\377\0001\000\040\000I\000n\000t\000r\000o\000d\000u\000c\000t\000i\000o\000n}{}% 6
\BOOKMARK [0][-]{chapter.10}{\376\377\0002\000\040\000T\000h\000e\000o\000r\000e\000t\000i\000c\000a\000l\000\040\000o\000v\000e\000r\000v\000i\000e\000w}{}% 7
\BOOKMARK [1][-]{section.11}{\376\377\0002\000.\0001\000\040\000S\000t\000a\000n\000d\000a\000r\000d\000\040\000m\000o\000d\000e\000l\000\040\000o\000v\000e\000r\000v\000i\000e\000w}{chapter.10}% 8
\BOOKMARK [2][-]{subsection.13}{\376\377\0002\000.\0001\000.\0001\000\040\000B\000o\000t\000t\000o\000m\000\040\000q\000u\000a\000r\000k\000s}{section.11}% 9
\BOOKMARK [2][-]{subsection.15}{\376\377\0002\000.\0001\000.\0002\000\040\000D\000i\000s\000c\000o\000v\000e\000r\000y\000\040\000a\000n\000d\000\040\000r\000o\000l\000e\000\040\000o\000f\000\040\000W\000\040\000b\000o\000s\000o\000n}{section.11}% 10
\BOOKMARK [1][-]{section.16}{\376\377\0002\000.\0002\000\040\000W\000\040\000+\000\040\000b\000\040\000j\000e\000t\000s\000\040\000a\000t\000\040\000h\000a\000d\000r\000o\000n\000\040\000c\000o\000l\000l\000i\000d\000e\000r\000s}{chapter.10}% 11
\BOOKMARK [2][-]{subsection.17}{\376\377\0002\000.\0002\000.\0001\000\040\000C\000r\000o\000s\000s\000\040\000s\000e\000c\000t\000i\000o\000n\000s\000\040\000a\000t\000\040\000h\000a\000d\000r\000o\000n\000\040\000c\000o\000l\000l\000i\000d\000e\000r\000s}{section.16}% 12
\BOOKMARK [2][-]{subsection.28}{\376\377\0002\000.\0002\000.\0002\000\040\000C\000o\000n\000t\000r\000i\000b\000u\000t\000i\000o\000n\000s\000\040\000t\000o\000\040\000W\000b\000b\000\040\000c\000r\000o\000s\000s\000\040\000s\000e\000c\000t\000i\000o\000n}{section.16}% 13
\BOOKMARK [3][-]{subsubsection.33}{\376\377\0002\000.\0002\000.\0002\000.\0001\000\040\000D\000o\000u\000b\000l\000e\000\040\000p\000a\000r\000t\000o\000n\000\040\000s\000c\000a\000t\000t\000e\000r\000i\000n\000g}{subsection.28}% 14
\BOOKMARK [1][-]{section.39}{\376\377\0002\000.\0003\000\040\000P\000r\000e\000v\000i\000o\000u\000s\000\040\000m\000e\000a\000s\000u\000r\000e\000m\000e\000n\000t\000s}{chapter.10}% 15
\BOOKMARK [0][-]{chapter.43}{\376\377\0003\000\040\000L\000a\000r\000g\000e\000\040\000H\000a\000d\000r\000o\000n\000\040\000C\000o\000l\000l\000i\000d\000e\000r}{}% 16
\BOOKMARK [1][-]{section.44}{\376\377\0003\000.\0001\000\040\000D\000e\000s\000i\000g\000n\000\040\000o\000f\000\040\000t\000h\000e\000\040\000L\000a\000r\000g\000e\000\040\000H\000a\000d\000r\000o\000n\000\040\000C\000o\000l\000l\000i\000d\000e\000r}{chapter.43}% 17
\BOOKMARK [1][-]{section.47}{\376\377\0003\000.\0002\000\040\000P\000e\000r\000f\000o\000r\000m\000a\000n\000c\000e}{chapter.43}% 18
\BOOKMARK [0][-]{chapter.48}{\376\377\0004\000\040\000C\000o\000m\000p\000a\000c\000t\000\040\000M\000u\000o\000n\000\040\000S\000o\000l\000e\000n\000o\000i\000d}{}% 19
\BOOKMARK [1][-]{section.49}{\376\377\0004\000.\0001\000\040\000I\000n\000n\000e\000r\000\040\000t\000r\000a\000c\000k\000e\000r\000\040\000s\000y\000s\000t\000e\000m}{chapter.48}% 20
\BOOKMARK [2][-]{subsection.50}{\376\377\0004\000.\0001\000.\0001\000\040\000P\000i\000x\000e\000l\000\040\000D\000e\000t\000e\000c\000t\000o\000r}{section.49}% 21
\BOOKMARK [3][-]{subsubsection.51}{\376\377\0004\000.\0001\000.\0001\000.\0001\000\040\000L\000o\000r\000e\000n\000t\000z\000\040\000a\000n\000g\000l\000e\000\040\000m\000e\000a\000s\000u\000r\000e\000m\000e\000n\000t}{subsection.50}% 22
\BOOKMARK [2][-]{subsection.52}{\376\377\0004\000.\0001\000.\0002\000\040\000S\000t\000r\000i\000p\000\040\000d\000e\000t\000e\000c\000t\000o\000r}{section.49}% 23
\BOOKMARK [1][-]{section.53}{\376\377\0004\000.\0002\000\040\000E\000l\000e\000c\000t\000r\000o\000m\000a\000g\000n\000e\000t\000i\000c\000\040\000c\000a\000l\000o\000r\000i\000m\000e\000t\000e\000r}{chapter.48}% 24
\BOOKMARK [1][-]{section.54}{\376\377\0004\000.\0003\000\040\000H\000a\000d\000r\000o\000n\000i\000c\000\040\000c\000a\000l\000o\000r\000i\000m\000e\000t\000e\000r}{chapter.48}% 25
\BOOKMARK [1][-]{section.55}{\376\377\0004\000.\0004\000\040\000S\000o\000l\000e\000n\000o\000i\000d}{chapter.48}% 26
\BOOKMARK [1][-]{section.56}{\376\377\0004\000.\0005\000\040\000M\000u\000o\000n\000\040\000c\000h\000a\000m\000b\000e\000r\000s}{chapter.48}% 27
\BOOKMARK [1][-]{section.57}{\376\377\0004\000.\0006\000\040\000T\000r\000i\000g\000g\000e\000r}{chapter.48}% 28
\BOOKMARK [1][-]{section.58}{\376\377\0004\000.\0007\000\040\000D\000a\000t\000a\000\040\000a\000c\000q\000u\000i\000s\000i\000t\000i\000o\000n\000\040\000s\000y\000s\000t\000e\000m}{chapter.48}% 29
\BOOKMARK [0][-]{chapter.59}{\376\377\0005\000\040\000P\000h\000y\000s\000i\000c\000s\000\040\000o\000b\000j\000e\000c\000t\000s\000\040\000d\000e\000f\000i\000n\000i\000t\000i\000o\000n\000s}{}% 30
\BOOKMARK [1][-]{section.60}{\376\377\0005\000.\0001\000\040\000E\000l\000e\000c\000t\000r\000o\000n\000s}{chapter.59}% 31
\BOOKMARK [2][-]{subsection.61}{\376\377\0005\000.\0001\000.\0001\000\040\000E\000l\000e\000c\000t\000r\000o\000n\000\040\000i\000d\000e\000n\000t\000i\000f\000i\000c\000a\000t\000i\000o\000n}{section.60}% 32
\BOOKMARK [2][-]{subsection.62}{\376\377\0005\000.\0001\000.\0002\000\040\000E\000l\000e\000c\000t\000r\000o\000n\000\040\000i\000s\000o\000l\000a\000t\000i\000o\000n}{section.60}% 33
\BOOKMARK [1][-]{section.63}{\376\377\0005\000.\0002\000\040\000M\000u\000o\000n\000s}{chapter.59}% 34
\BOOKMARK [2][-]{subsection.64}{\376\377\0005\000.\0002\000.\0001\000\040\000M\000u\000o\000n\000\040\000i\000d\000e\000n\000t\000i\000f\000i\000c\000a\000t\000i\000o\000n}{section.63}% 35
\BOOKMARK [2][-]{subsection.65}{\376\377\0005\000.\0002\000.\0002\000\040\000M\000u\000o\000n\000\040\000i\000s\000o\000l\000a\000t\000i\000o\000n}{section.63}% 36
\BOOKMARK [1][-]{section.66}{\376\377\0005\000.\0003\000\040\000J\000e\000t\000s}{chapter.59}% 37
\BOOKMARK [2][-]{subsection.67}{\376\377\0005\000.\0003\000.\0001\000\040\000J\000e\000t\000\040\000i\000d\000e\000n\000t\000i\000f\000i\000c\000a\000t\000i\000o\000n}{section.66}% 38
\BOOKMARK [2][-]{subsection.68}{\376\377\0005\000.\0003\000.\0002\000\040\000J\000e\000t\000s\000\040\000f\000r\000o\000m\000\040\000b\000\040\000q\000u\000a\000r\000k\000s}{section.66}% 39
\BOOKMARK [1][-]{section.69}{\376\377\0005\000.\0004\000\040\000M\000i\000s\000s\000i\000n\000g\000\040\000t\000r\000a\000n\000s\000v\000e\000r\000s\000e\000\040\000e\000n\000e\000r\000g\000y}{chapter.59}% 40
\BOOKMARK [1][-]{section.70}{\376\377\0005\000.\0005\000\040\000W\000\040\000b\000o\000s\000o\000n\000\040\000c\000a\000n\000d\000i\000d\000a\000t\000e\000s}{chapter.59}% 41
\BOOKMARK [0][-]{chapter.71}{\376\377\0006\000\040\000S\000i\000g\000n\000a\000l\000\040\000s\000e\000l\000e\000c\000t\000i\000o\000n}{}% 42
\BOOKMARK [1][-]{section.72}{\376\377\0006\000.\0001\000\040\000A\000n\000a\000l\000y\000s\000i\000s\000\040\000s\000t\000r\000a\000t\000e\000g\000y}{chapter.71}% 43
\BOOKMARK [2][-]{subsection.73}{\376\377\0006\000.\0001\000.\0001\000\040\000S\000u\000b\000s\000e\000c\000t\000i\000o\000n\000\040\0001}{section.72}% 44
\BOOKMARK [2][-]{subsection.74}{\376\377\0006\000.\0001\000.\0002\000\040\000S\000u\000b\000s\000e\000c\000t\000i\000o\000n\000\040\0002}{section.72}% 45
\BOOKMARK [1][-]{section.75}{\376\377\0006\000.\0002\000\040\000B\000a\000c\000k\000g\000r\000o\000u\000n\000d\000\040\000e\000s\000t\000i\000m\000a\000t\000i\000o\000n}{chapter.71}% 46
\BOOKMARK [0][-]{chapter.76}{\376\377\0007\000\040\000P\000r\000o\000s\000i\000r\000e\000n\000i\000\040\000s\000a\000z\000e\000t\000a\000k\000:}{}% 47
\BOOKMARK [1][-]{section.77}{\376\377\0007\000.\0001\000\040\000M\000a\000i\000n\000\040\000S\000e\000c\000t\000i\000o\000n\000\040\0001}{chapter.76}% 48
\BOOKMARK [2][-]{subsection.78}{\376\377\0007\000.\0001\000.\0001\000\040\000S\000u\000b\000s\000e\000c\000t\000i\000o\000n\000\040\0001}{section.77}% 49
\BOOKMARK [2][-]{subsection.79}{\376\377\0007\000.\0001\000.\0002\000\040\000S\000u\000b\000s\000e\000c\000t\000i\000o\000n\000\040\0002}{section.77}% 50
\BOOKMARK [1][-]{section.80}{\376\377\0007\000.\0002\000\040\000M\000a\000i\000n\000\040\000S\000e\000c\000t\000i\000o\000n\000\040\0002}{chapter.76}% 51
\BOOKMARK [0][-]{appendix.81}{\376\377\000A\000\040\000L\000o\000r\000e\000n\000t\000z\000\040\000a\000n\000g\000l\000e\000\040\000m\000e\000a\000s\000u\000r\000e\000m\000e\000n\000t\000\040\000i\000n\000\040\000P\000i\000x\000e\000l\000\040\000d\000e\000t\000e\000c\000t\000o\000r}{}% 52
\BOOKMARK [0][-]{dummy.94}{\376\377\000B\000i\000b\000l\000i\000o\000g\000r\000a\000p\000h\000y}{}% 53
