This is pdfTeX, Version 3.1415926-2.5-1.40.14 (TeX Live 2013) (format=pdflatex 2013.10.31)  29 JUN 2015 18:45
entering extended mode
 restricted \write18 enabled.
 %&-line parsing enabled.
**main.tex
(./main.tex
LaTeX2e <2011/06/27>
Babel <3.9f> and hyphenation patterns for 78 languages loaded.
(./Thesis.cls
Document Class: Thesis 2007/22/02 v1.0 LaTeX document class
(/usr/local/texlive/2013/texmf-dist/tex/latex/base/book.cls
Document Class: book 2007/10/19 v1.4h Standard LaTeX document class
(/usr/local/texlive/2013/texmf-dist/tex/latex/base/bk12.clo
File: bk12.clo 2007/10/19 v1.4h Standard LaTeX file (size option)
)
\c@part=\count79
\c@chapter=\count80
\c@section=\count81
\c@subsection=\count82
\c@subsubsection=\count83
\c@paragraph=\count84
\c@subparagraph=\count85
\c@figure=\count86
\c@table=\count87
\abovecaptionskip=\skip41
\belowcaptionskip=\skip42
\bibindent=\dimen102
)
(/usr/local/texlive/2013/texmf-dist/tex/latex/setspace/setspace.sty
Package: setspace 2011/12/19 v6.7a set line spacing
)
(/usr/local/texlive/2013/texmf-dist/tex/latex/vmargin/vmargin.sty
Package: vmargin 2004/07/15 V2.5 set document margins (VK)

Package: vmargin 2004/07/15 V2.5 set document margins (VK)
\PaperWidth=\dimen103
\PaperHeight=\dimen104
) (/usr/local/texlive/2013/texmf-dist/tex/latex/base/inputenc.sty
Package: inputenc 2008/03/30 v1.1d Input encoding file
\inpenc@prehook=\toks14
\inpenc@posthook=\toks15

(/usr/local/texlive/2013/texmf-dist/tex/latex/base/utf8.def
File: utf8.def 2008/04/05 v1.1m UTF-8 support for inputenc
Now handling font encoding OML ...
... no UTF-8 mapping file for font encoding OML
Now handling font encoding T1 ...
... processing UTF-8 mapping file for font encoding T1

(/usr/local/texlive/2013/texmf-dist/tex/latex/base/t1enc.dfu
File: t1enc.dfu 2008/04/05 v1.1m UTF-8 support for inputenc
   defining Unicode char U+00A1 (decimal 161)
   defining Unicode char U+00A3 (decimal 163)
   defining Unicode char U+00AB (decimal 171)
   defining Unicode char U+00BB (decimal 187)
   defining Unicode char U+00BF (decimal 191)
   defining Unicode char U+00C0 (decimal 192)
   defining Unicode char U+00C1 (decimal 193)
   defining Unicode char U+00C2 (decimal 194)
   defining Unicode char U+00C3 (decimal 195)
   defining Unicode char U+00C4 (decimal 196)
   defining Unicode char U+00C5 (decimal 197)
   defining Unicode char U+00C6 (decimal 198)
   defining Unicode char U+00C7 (decimal 199)
   defining Unicode char U+00C8 (decimal 200)
   defining Unicode char U+00C9 (decimal 201)
   defining Unicode char U+00CA (decimal 202)
   defining Unicode char U+00CB (decimal 203)
   defining Unicode char U+00CC (decimal 204)
   defining Unicode char U+00CD (decimal 205)
   defining Unicode char U+00CE (decimal 206)
   defining Unicode char U+00CF (decimal 207)
   defining Unicode char U+00D0 (decimal 208)
   defining Unicode char U+00D1 (decimal 209)
   defining Unicode char U+00D2 (decimal 210)
   defining Unicode char U+00D3 (decimal 211)
   defining Unicode char U+00D4 (decimal 212)
   defining Unicode char U+00D5 (decimal 213)
   defining Unicode char U+00D6 (decimal 214)
   defining Unicode char U+00D8 (decimal 216)
   defining Unicode char U+00D9 (decimal 217)
   defining Unicode char U+00DA (decimal 218)
   defining Unicode char U+00DB (decimal 219)
   defining Unicode char U+00DC (decimal 220)
   defining Unicode char U+00DD (decimal 221)
   defining Unicode char U+00DE (decimal 222)
   defining Unicode char U+00DF (decimal 223)
   defining Unicode char U+00E0 (decimal 224)
   defining Unicode char U+00E1 (decimal 225)
   defining Unicode char U+00E2 (decimal 226)
   defining Unicode char U+00E3 (decimal 227)
   defining Unicode char U+00E4 (decimal 228)
   defining Unicode char U+00E5 (decimal 229)
   defining Unicode char U+00E6 (decimal 230)
   defining Unicode char U+00E7 (decimal 231)
   defining Unicode char U+00E8 (decimal 232)
   defining Unicode char U+00E9 (decimal 233)
   defining Unicode char U+00EA (decimal 234)
   defining Unicode char U+00EB (decimal 235)
   defining Unicode char U+00EC (decimal 236)
   defining Unicode char U+00ED (decimal 237)
   defining Unicode char U+00EE (decimal 238)
   defining Unicode char U+00EF (decimal 239)
   defining Unicode char U+00F0 (decimal 240)
   defining Unicode char U+00F1 (decimal 241)
   defining Unicode char U+00F2 (decimal 242)
   defining Unicode char U+00F3 (decimal 243)
   defining Unicode char U+00F4 (decimal 244)
   defining Unicode char U+00F5 (decimal 245)
   defining Unicode char U+00F6 (decimal 246)
   defining Unicode char U+00F8 (decimal 248)
   defining Unicode char U+00F9 (decimal 249)
   defining Unicode char U+00FA (decimal 250)
   defining Unicode char U+00FB (decimal 251)
   defining Unicode char U+00FC (decimal 252)
   defining Unicode char U+00FD (decimal 253)
   defining Unicode char U+00FE (decimal 254)
   defining Unicode char U+00FF (decimal 255)
   defining Unicode char U+0102 (decimal 258)
   defining Unicode char U+0103 (decimal 259)
   defining Unicode char U+0104 (decimal 260)
   defining Unicode char U+0105 (decimal 261)
   defining Unicode char U+0106 (decimal 262)
   defining Unicode char U+0107 (decimal 263)
   defining Unicode char U+010C (decimal 268)
   defining Unicode char U+010D (decimal 269)
   defining Unicode char U+010E (decimal 270)
   defining Unicode char U+010F (decimal 271)
   defining Unicode char U+0110 (decimal 272)
   defining Unicode char U+0111 (decimal 273)
   defining Unicode char U+0118 (decimal 280)
   defining Unicode char U+0119 (decimal 281)
   defining Unicode char U+011A (decimal 282)
   defining Unicode char U+011B (decimal 283)
   defining Unicode char U+011E (decimal 286)
   defining Unicode char U+011F (decimal 287)
   defining Unicode char U+0130 (decimal 304)
   defining Unicode char U+0131 (decimal 305)
   defining Unicode char U+0132 (decimal 306)
   defining Unicode char U+0133 (decimal 307)
   defining Unicode char U+0139 (decimal 313)
   defining Unicode char U+013A (decimal 314)
   defining Unicode char U+013D (decimal 317)
   defining Unicode char U+013E (decimal 318)
   defining Unicode char U+0141 (decimal 321)
   defining Unicode char U+0142 (decimal 322)
   defining Unicode char U+0143 (decimal 323)
   defining Unicode char U+0144 (decimal 324)
   defining Unicode char U+0147 (decimal 327)
   defining Unicode char U+0148 (decimal 328)
   defining Unicode char U+014A (decimal 330)
   defining Unicode char U+014B (decimal 331)
   defining Unicode char U+0150 (decimal 336)
   defining Unicode char U+0151 (decimal 337)
   defining Unicode char U+0152 (decimal 338)
   defining Unicode char U+0153 (decimal 339)
   defining Unicode char U+0154 (decimal 340)
   defining Unicode char U+0155 (decimal 341)
   defining Unicode char U+0158 (decimal 344)
   defining Unicode char U+0159 (decimal 345)
   defining Unicode char U+015A (decimal 346)
   defining Unicode char U+015B (decimal 347)
   defining Unicode char U+015E (decimal 350)
   defining Unicode char U+015F (decimal 351)
   defining Unicode char U+0160 (decimal 352)
   defining Unicode char U+0161 (decimal 353)
   defining Unicode char U+0162 (decimal 354)
   defining Unicode char U+0163 (decimal 355)
   defining Unicode char U+0164 (decimal 356)
   defining Unicode char U+0165 (decimal 357)
   defining Unicode char U+016E (decimal 366)
   defining Unicode char U+016F (decimal 367)
   defining Unicode char U+0170 (decimal 368)
   defining Unicode char U+0171 (decimal 369)
   defining Unicode char U+0178 (decimal 376)
   defining Unicode char U+0179 (decimal 377)
   defining Unicode char U+017A (decimal 378)
   defining Unicode char U+017B (decimal 379)
   defining Unicode char U+017C (decimal 380)
   defining Unicode char U+017D (decimal 381)
   defining Unicode char U+017E (decimal 382)
   defining Unicode char U+200C (decimal 8204)
   defining Unicode char U+2013 (decimal 8211)
   defining Unicode char U+2014 (decimal 8212)
   defining Unicode char U+2018 (decimal 8216)
   defining Unicode char U+2019 (decimal 8217)
   defining Unicode char U+201A (decimal 8218)
   defining Unicode char U+201C (decimal 8220)
   defining Unicode char U+201D (decimal 8221)
   defining Unicode char U+201E (decimal 8222)
   defining Unicode char U+2030 (decimal 8240)
   defining Unicode char U+2031 (decimal 8241)
   defining Unicode char U+2039 (decimal 8249)
   defining Unicode char U+203A (decimal 8250)
   defining Unicode char U+2423 (decimal 9251)
)
Now handling font encoding OT1 ...
... processing UTF-8 mapping file for font encoding OT1

(/usr/local/texlive/2013/texmf-dist/tex/latex/base/ot1enc.dfu
File: ot1enc.dfu 2008/04/05 v1.1m UTF-8 support for inputenc
   defining Unicode char U+00A1 (decimal 161)
   defining Unicode char U+00A3 (decimal 163)
   defining Unicode char U+00B8 (decimal 184)
   defining Unicode char U+00BF (decimal 191)
   defining Unicode char U+00C5 (decimal 197)
   defining Unicode char U+00C6 (decimal 198)
   defining Unicode char U+00D8 (decimal 216)
   defining Unicode char U+00DF (decimal 223)
   defining Unicode char U+00E6 (decimal 230)
   defining Unicode char U+00EC (decimal 236)
   defining Unicode char U+00ED (decimal 237)
   defining Unicode char U+00EE (decimal 238)
   defining Unicode char U+00EF (decimal 239)
   defining Unicode char U+00F8 (decimal 248)
   defining Unicode char U+0131 (decimal 305)
   defining Unicode char U+0141 (decimal 321)
   defining Unicode char U+0142 (decimal 322)
   defining Unicode char U+0152 (decimal 338)
   defining Unicode char U+0153 (decimal 339)
   defining Unicode char U+2013 (decimal 8211)
   defining Unicode char U+2014 (decimal 8212)
   defining Unicode char U+2018 (decimal 8216)
   defining Unicode char U+2019 (decimal 8217)
   defining Unicode char U+201C (decimal 8220)
   defining Unicode char U+201D (decimal 8221)
)
Now handling font encoding OMS ...
... processing UTF-8 mapping file for font encoding OMS

(/usr/local/texlive/2013/texmf-dist/tex/latex/base/omsenc.dfu
File: omsenc.dfu 2008/04/05 v1.1m UTF-8 support for inputenc
   defining Unicode char U+00A7 (decimal 167)
   defining Unicode char U+00B6 (decimal 182)
   defining Unicode char U+00B7 (decimal 183)
   defining Unicode char U+2020 (decimal 8224)
   defining Unicode char U+2021 (decimal 8225)
   defining Unicode char U+2022 (decimal 8226)
)
Now handling font encoding OMX ...
... no UTF-8 mapping file for font encoding OMX
Now handling font encoding U ...
... no UTF-8 mapping file for font encoding U
   defining Unicode char U+00A9 (decimal 169)
   defining Unicode char U+00AA (decimal 170)
   defining Unicode char U+00AE (decimal 174)
   defining Unicode char U+00BA (decimal 186)
   defining Unicode char U+02C6 (decimal 710)
   defining Unicode char U+02DC (decimal 732)
   defining Unicode char U+200C (decimal 8204)
   defining Unicode char U+2026 (decimal 8230)
   defining Unicode char U+2122 (decimal 8482)
   defining Unicode char U+2423 (decimal 9251)
))
(/usr/local/texlive/2013/texmf-dist/tex/latex/fancyhdr/fancyhdr.sty
\fancy@headwidth=\skip43
\f@ncyO@elh=\skip44
\f@ncyO@erh=\skip45
\f@ncyO@olh=\skip46
\f@ncyO@orh=\skip47
\f@ncyO@elf=\skip48
\f@ncyO@erf=\skip49
\f@ncyO@olf=\skip50
\f@ncyO@orf=\skip51
)
(/usr/local/texlive/2013/texmf-dist/tex/latex/amsmath/amsmath.sty
Package: amsmath 2013/01/14 v2.14 AMS math features
\@mathmargin=\skip52

For additional information on amsmath, use the `?' option.
(/usr/local/texlive/2013/texmf-dist/tex/latex/amsmath/amstext.sty
Package: amstext 2000/06/29 v2.01

(/usr/local/texlive/2013/texmf-dist/tex/latex/amsmath/amsgen.sty
File: amsgen.sty 1999/11/30 v2.0
\@emptytoks=\toks16
\ex@=\dimen105
))
(/usr/local/texlive/2013/texmf-dist/tex/latex/amsmath/amsbsy.sty
Package: amsbsy 1999/11/29 v1.2d
\pmbraise@=\dimen106
)
(/usr/local/texlive/2013/texmf-dist/tex/latex/amsmath/amsopn.sty
Package: amsopn 1999/12/14 v2.01 operator names
)
\inf@bad=\count88
LaTeX Info: Redefining \frac on input line 210.
\uproot@=\count89
\leftroot@=\count90
LaTeX Info: Redefining \overline on input line 306.
\classnum@=\count91
\DOTSCASE@=\count92
LaTeX Info: Redefining \ldots on input line 378.
LaTeX Info: Redefining \dots on input line 381.
LaTeX Info: Redefining \cdots on input line 466.
\Mathstrutbox@=\box26
\strutbox@=\box27
\big@size=\dimen107
LaTeX Font Info:    Redeclaring font encoding OML on input line 566.
LaTeX Font Info:    Redeclaring font encoding OMS on input line 567.
\macc@depth=\count93
\c@MaxMatrixCols=\count94
\dotsspace@=\muskip10
\c@parentequation=\count95
\dspbrk@lvl=\count96
\tag@help=\toks17
\row@=\count97
\column@=\count98
\maxfields@=\count99
\andhelp@=\toks18
\eqnshift@=\dimen108
\alignsep@=\dimen109
\tagshift@=\dimen110
\tagwidth@=\dimen111
\totwidth@=\dimen112
\lineht@=\dimen113
\@envbody=\toks19
\multlinegap=\skip53
\multlinetaggap=\skip54
\mathdisplay@stack=\toks20
LaTeX Info: Redefining \[ on input line 2665.
LaTeX Info: Redefining \] on input line 2666.
)
(/usr/local/texlive/2013/texmf-dist/tex/latex/amsfonts/amsfonts.sty
Package: amsfonts 2013/01/14 v3.01 Basic AMSFonts support
\symAMSa=\mathgroup4
\symAMSb=\mathgroup5
LaTeX Font Info:    Overwriting math alphabet `\mathfrak' in version `bold'
(Font)                  U/euf/m/n --> U/euf/b/n on input line 106.
)
(/usr/local/texlive/2013/texmf-dist/tex/latex/amsfonts/amssymb.sty
Package: amssymb 2013/01/14 v3.01 AMS font symbols
)
(/usr/local/texlive/2013/texmf-dist/tex/latex/amsmath/amscd.sty
Package: amscd 1999/11/29 v2.0
\athelp@=\toks21
\minaw@=\dimen114
\bigaw@=\dimen115
\minCDarrowwidth=\dimen116
)
(/usr/local/texlive/2013/texmf-dist/tex/latex/amscls/amsthm.sty
Package: amsthm 2004/08/06 v2.20
\thm@style=\toks22
\thm@bodyfont=\toks23
\thm@headfont=\toks24
\thm@notefont=\toks25
\thm@headpunct=\toks26
\thm@preskip=\skip55
\thm@postskip=\skip56
\thm@headsep=\skip57
\dth@everypar=\toks27
)
(/usr/local/texlive/2013/texmf-dist/tex/latex/tools/xspace.sty
Package: xspace 2009/10/20 v1.13 Space after command names (DPC,MH)
)
\c@example=\count100
\c@theorem=\count101

(/usr/local/texlive/2013/texmf-dist/tex/latex/caption/caption.sty
Package: caption 2013/05/02 v3.3-89 Customizing captions (AR)

(/usr/local/texlive/2013/texmf-dist/tex/latex/caption/caption3.sty
Package: caption3 2013/05/02 v1.6-88 caption3 kernel (AR)
Package caption3 Info: TeX engine: e-TeX on input line 57.

(/usr/local/texlive/2013/texmf-dist/tex/latex/graphics/keyval.sty
Package: keyval 1999/03/16 v1.13 key=value parser (DPC)
\KV@toks@=\toks28
)
\captionmargin=\dimen117
\captionmargin@=\dimen118
\captionwidth=\dimen119
\caption@tempdima=\dimen120
\caption@indent=\dimen121
\caption@parindent=\dimen122
\caption@hangindent=\dimen123
)
\c@ContinuedFloat=\count102
)
(/usr/local/texlive/2013/texmf-dist/tex/latex/graphics/graphicx.sty
Package: graphicx 1999/02/16 v1.0f Enhanced LaTeX Graphics (DPC,SPQR)

(/usr/local/texlive/2013/texmf-dist/tex/latex/graphics/graphics.sty
Package: graphics 2009/02/05 v1.0o Standard LaTeX Graphics (DPC,SPQR)

(/usr/local/texlive/2013/texmf-dist/tex/latex/graphics/trig.sty
Package: trig 1999/03/16 v1.09 sin cos tan (DPC)
)
(/usr/local/texlive/2013/texmf-dist/tex/latex/latexconfig/graphics.cfg
File: graphics.cfg 2010/04/23 v1.9 graphics configuration of TeX Live
)
Package graphics Info: Driver file: pdftex.def on input line 91.

(/usr/local/texlive/2013/texmf-dist/tex/latex/pdftex-def/pdftex.def
File: pdftex.def 2011/05/27 v0.06d Graphics/color for pdfTeX

(/usr/local/texlive/2013/texmf-dist/tex/generic/oberdiek/infwarerr.sty
Package: infwarerr 2010/04/08 v1.3 Providing info/warning/error messages (HO)
)
(/usr/local/texlive/2013/texmf-dist/tex/generic/oberdiek/ltxcmds.sty
Package: ltxcmds 2011/11/09 v1.22 LaTeX kernel commands for general use (HO)
)
\Gread@gobject=\count103
))
\Gin@req@height=\dimen124
\Gin@req@width=\dimen125
)
(/usr/local/texlive/2013/texmf-dist/tex/latex/oberdiek/epstopdf.sty
Package: epstopdf 2010/02/09 v2.5 Conversion with epstopdf on the fly (HO)

(/usr/local/texlive/2013/texmf-dist/tex/latex/oberdiek/epstopdf-base.sty
Package: epstopdf-base 2010/02/09 v2.5 Base part for package epstopdf

(/usr/local/texlive/2013/texmf-dist/tex/latex/oberdiek/grfext.sty
Package: grfext 2010/08/19 v1.1 Manage graphics extensions (HO)

(/usr/local/texlive/2013/texmf-dist/tex/generic/oberdiek/kvdefinekeys.sty
Package: kvdefinekeys 2011/04/07 v1.3 Define keys (HO)
))
(/usr/local/texlive/2013/texmf-dist/tex/latex/oberdiek/kvoptions.sty
Package: kvoptions 2011/06/30 v3.11 Key value format for package options (HO)

(/usr/local/texlive/2013/texmf-dist/tex/generic/oberdiek/kvsetkeys.sty
Package: kvsetkeys 2012/04/25 v1.16 Key value parser (HO)

(/usr/local/texlive/2013/texmf-dist/tex/generic/oberdiek/etexcmds.sty
Package: etexcmds 2011/02/16 v1.5 Avoid name clashes with e-TeX commands (HO)

(/usr/local/texlive/2013/texmf-dist/tex/generic/oberdiek/ifluatex.sty
Package: ifluatex 2010/03/01 v1.3 Provides the ifluatex switch (HO)
Package ifluatex Info: LuaTeX not detected.
)
Package etexcmds Info: Could not find \expanded.
(etexcmds)             That can mean that you are not using pdfTeX 1.50 or
(etexcmds)             that some package has redefined \expanded.
(etexcmds)             In the latter case, load this package earlier.
)))
(/usr/local/texlive/2013/texmf-dist/tex/generic/oberdiek/pdftexcmds.sty
Package: pdftexcmds 2011/11/29 v0.20 Utility functions of pdfTeX for LuaTeX (HO
)

(/usr/local/texlive/2013/texmf-dist/tex/generic/oberdiek/ifpdf.sty
Package: ifpdf 2011/01/30 v2.3 Provides the ifpdf switch (HO)
Package ifpdf Info: pdfTeX in PDF mode is detected.
)
Package pdftexcmds Info: LuaTeX not detected.
Package pdftexcmds Info: \pdf@primitive is available.
Package pdftexcmds Info: \pdf@ifprimitive is available.
Package pdftexcmds Info: \pdfdraftmode found.
)
Package grfext Info: Graphics extension search list:
(grfext)             [.png,.pdf,.jpg,.mps,.jpeg,.jbig2,.jb2,.PNG,.PDF,.JPG,.JPE
G,.JBIG2,.JB2,.eps]
(grfext)             \AppendGraphicsExtensions on input line 452.

(/usr/local/texlive/2013/texmf-dist/tex/latex/latexconfig/epstopdf-sys.cfg
File: epstopdf-sys.cfg 2010/07/13 v1.3 Configuration of (r)epstopdf for TeX Liv
e
)))
(/usr/local/texlive/2013/texmf-dist/tex/latex/booktabs/booktabs.sty
Package: booktabs 2005/04/14 v1.61803 publication quality tables
\heavyrulewidth=\dimen126
\lightrulewidth=\dimen127
\cmidrulewidth=\dimen128
\belowrulesep=\dimen129
\belowbottomsep=\dimen130
\aboverulesep=\dimen131
\abovetopsep=\dimen132
\cmidrulesep=\dimen133
\cmidrulekern=\dimen134
\defaultaddspace=\dimen135
\@cmidla=\count104
\@cmidlb=\count105
\@aboverulesep=\dimen136
\@belowrulesep=\dimen137
\@thisruleclass=\count106
\@lastruleclass=\count107
\@thisrulewidth=\dimen138
)
(/usr/local/texlive/2013/texmf-dist/tex/latex/rotating/rotating.sty
Package: rotating 2009/03/28 v2.16a rotated objects in LaTeX

(/usr/local/texlive/2013/texmf-dist/tex/latex/base/ifthen.sty
Package: ifthen 2001/05/26 v1.1c Standard LaTeX ifthen package (DPC)
)
\c@r@tfl@t=\count108
\rotFPtop=\skip58
\rotFPbot=\skip59
\rot@float@box=\box28
\rot@mess@toks=\toks29
)
(/usr/local/texlive/2013/texmf-dist/tex/latex/listings/listings.sty
\lst@mode=\count109
\lst@gtempboxa=\box29
\lst@token=\toks30
\lst@length=\count110
\lst@currlwidth=\dimen139
\lst@column=\count111
\lst@pos=\count112
\lst@lostspace=\dimen140
\lst@width=\dimen141
\lst@newlines=\count113
\lst@lineno=\count114
\lst@maxwidth=\dimen142

(./lstpatch.sty

***
*** This is a patch for listings 1.3, but you're using
*** version 1.4.
***
*** Patch file not loaded.
***

) (/usr/local/texlive/2013/texmf-dist/tex/latex/listings/lstmisc.sty
File: lstmisc.sty 2007/02/22 1.4 (Carsten Heinz)
\c@lstnumber=\count115
\lst@skipnumbers=\count116
\lst@framebox=\box30
)
(/usr/local/texlive/2013/texmf-dist/tex/latex/listings/listings.cfg
File: listings.cfg 2007/02/22 1.4 listings configuration
))
Package: listings 2007/02/22 1.4 (Carsten Heinz)

(./lstpatch.sty

***
*** This is a patch for listings 1.3, but you're using
*** version 1.4.
***
 *** Patch file not loaded.
***

) (/usr/local/texlive/2013/texmf-dist/tex/latex/hyperref/hyperref.sty
Package: hyperref 2012/11/06 v6.83m Hypertext links for LaTeX

(/usr/local/texlive/2013/texmf-dist/tex/generic/oberdiek/hobsub-hyperref.sty
Package: hobsub-hyperref 2012/05/28 v1.13 Bundle oberdiek, subset hyperref (HO)


(/usr/local/texlive/2013/texmf-dist/tex/generic/oberdiek/hobsub-generic.sty
Package: hobsub-generic 2012/05/28 v1.13 Bundle oberdiek, subset generic (HO)
Package: hobsub 2012/05/28 v1.13 Construct package bundles (HO)
Package hobsub Info: Skipping package `infwarerr' (already loaded).
Package hobsub Info: Skipping package `ltxcmds' (already loaded).
Package hobsub Info: Skipping package `ifluatex' (already loaded).
Package: ifvtex 2010/03/01 v1.5 Detect VTeX and its facilities (HO)
Package ifvtex Info: VTeX not detected.
Package: intcalc 2007/09/27 v1.1 Expandable calculations with integers (HO)
Package hobsub Info: Skipping package `ifpdf' (already loaded).
Package hobsub Info: Skipping package `etexcmds' (already loaded).
Package hobsub Info: Skipping package `kvsetkeys' (already loaded).
Package hobsub Info: Skipping package `kvdefinekeys' (already loaded).
Package hobsub Info: Skipping package `pdftexcmds' (already loaded).
Package: pdfescape 2011/11/25 v1.13 Implements pdfTeX's escape features (HO)
Package: bigintcalc 2012/04/08 v1.3 Expandable calculations on big integers (HO
)
Package: bitset 2011/01/30 v1.1 Handle bit-vector datatype (HO)
Package: uniquecounter 2011/01/30 v1.2 Provide unlimited unique counter (HO)
)
Package hobsub Info: Skipping package `hobsub' (already loaded).
Package: letltxmacro 2010/09/02 v1.4 Let assignment for LaTeX macros (HO)
Package: hopatch 2012/05/28 v1.2 Wrapper for package hooks (HO)
Package: xcolor-patch 2011/01/30 xcolor patch
Package: atveryend 2011/06/30 v1.8 Hooks at the very end of document (HO)
Package atveryend Info: \enddocument detected (standard20110627).
Package: atbegshi 2011/10/05 v1.16 At begin shipout hook (HO)
Package: refcount 2011/10/16 v3.4 Data extraction from label references (HO)
Package: hycolor 2011/01/30 v1.7 Color options for hyperref/bookmark (HO)
)
(/usr/local/texlive/2013/texmf-dist/tex/generic/ifxetex/ifxetex.sty
Package: ifxetex 2010/09/12 v0.6 Provides ifxetex conditional
)
(/usr/local/texlive/2013/texmf-dist/tex/latex/oberdiek/auxhook.sty
Package: auxhook 2011/03/04 v1.3 Hooks for auxiliary files (HO)
)
\@linkdim=\dimen143
\Hy@linkcounter=\count117
\Hy@pagecounter=\count118

(/usr/local/texlive/2013/texmf-dist/tex/latex/hyperref/pd1enc.def
File: pd1enc.def 2012/11/06 v6.83m Hyperref: PDFDocEncoding definition (HO)
Now handling font encoding PD1 ...
... no UTF-8 mapping file for font encoding PD1
)
\Hy@SavedSpaceFactor=\count119

(/usr/local/texlive/2013/texmf-dist/tex/latex/latexconfig/hyperref.cfg
File: hyperref.cfg 2002/06/06 v1.2 hyperref configuration of TeXLive
)
Package hyperref Info: Option `bookmarks' set `true' on input line 4319.
Package hyperref Info: Option `bookmarksopen' set `true' on input line 4319.
Package hyperref Info: Option `bookmarksnumbered' set `true' on input line 4319
.
Package hyperref Info: Option `hypertexnames' set `false' on input line 4319.
Package hyperref Info: Option `colorlinks' set `true' on input line 4319.
Package hyperref Info: Option `unicode' set `true' on input line 4319.

(/usr/local/texlive/2013/texmf-dist/tex/latex/hyperref/puenc.def
File: puenc.def 2012/11/06 v6.83m Hyperref: PDF Unicode definition (HO)
Now handling font encoding PU ...
... no UTF-8 mapping file for font encoding PU
)
Package hyperref Info: Option `breaklinks' set `true' on input line 4319.
Package hyperref Info: Hyper figures OFF on input line 4443.
Package hyperref Info: Link nesting OFF on input line 4448.
Package hyperref Info: Hyper index ON on input line 4451.
Package hyperref Info: Plain pages OFF on input line 4458.
Package hyperref Info: Backreferencing OFF on input line 4463.
Package hyperref Info: Implicit mode ON; LaTeX internals redefined.
Package hyperref Info: Bookmarks ON on input line 4688.
\c@Hy@tempcnt=\count120

(/usr/local/texlive/2013/texmf-dist/tex/latex/url/url.sty
\Urlmuskip=\muskip11
Package: url 2006/04/12  ver 3.3  Verb mode for urls, etc.
)
LaTeX Info: Redefining \url on input line 5041.
\XeTeXLinkMargin=\dimen144
\Fld@menulength=\count121
\Field@Width=\dimen145
\Fld@charsize=\dimen146
Package hyperref Info: Hyper figures OFF on input line 6295.
Package hyperref Info: Link nesting OFF on input line 6300.
Package hyperref Info: Hyper index ON on input line 6303.
Package hyperref Info: backreferencing OFF on input line 6310.
Package hyperref Info: Link coloring ON on input line 6313.
Package hyperref Info: Link coloring with OCG OFF on input line 6320.
Package hyperref Info: PDF/A mode OFF on input line 6325.
LaTeX Info: Redefining \ref on input line 6365.
LaTeX Info: Redefining \pageref on input line 6369.
\Hy@abspage=\count122
\c@Item=\count123
\c@Hfootnote=\count124
)

Package hyperref Message: Driver (autodetected): hpdftex.

(/usr/local/texlive/2013/texmf-dist/tex/latex/hyperref/hpdftex.def
File: hpdftex.def 2012/11/06 v6.83m Hyperref driver for pdfTeX
\Fld@listcount=\count125
\c@bookmark@seq@number=\count126

(/usr/local/texlive/2013/texmf-dist/tex/latex/oberdiek/rerunfilecheck.sty
Package: rerunfilecheck 2011/04/15 v1.7 Rerun checks for auxiliary files (HO)
Package uniquecounter Info: New unique counter `rerunfilecheck' on input line 2
82.
)
\Hy@SectionHShift=\skip60
)
\c@dummy=\count127

(/usr/local/texlive/2013/texmf-dist/tex/latex/tools/longtable.sty
Package: longtable 2004/02/01 v4.11 Multi-page Table package (DPC)
\LTleft=\skip61
\LTright=\skip62
\LTpre=\skip63
\LTpost=\skip64
\LTchunksize=\count128
\LTcapwidth=\dimen147
\LT@head=\box31
\LT@firsthead=\box32
\LT@foot=\box33
\LT@lastfoot=\box34
\LT@cols=\count129
\LT@rows=\count130
\c@LT@tables=\count131
\c@LT@chunks=\count132
\LT@p@ftn=\toks31
))
(/usr/local/texlive/2013/texmf-dist/tex/latex/natbib/natbib.sty
Package: natbib 2010/09/13 8.31b (PWD, AO)
\bibhang=\skip65
\bibsep=\skip66
LaTeX Info: Redefining \cite on input line 694.
\c@NAT@ctr=\count133
)
(/usr/local/texlive/2013/texmf-dist/tex/latex/caption/subcaption.sty
Package: subcaption 2013/02/03 v1.1-62 Sub-captions (AR)
\c@subfigure=\count134
\c@subtable=\count135
)
(/usr/local/texlive/2013/texmf-dist/tex/latex/notoccite/notoccite.sty
Package: notoccite 2000/07/20
)
(/usr/local/texlive/2013/texmf-dist/tex/latex/adjustbox/adjustbox.sty
Package: adjustbox 2012/05/21 v1.0 Adjusting TeX boxes (trim, clip, ...)

(/usr/local/texlive/2013/texmf-dist/tex/latex/xkeyval/xkeyval.sty
Package: xkeyval 2012/10/14 v2.6b package option processing (HA)

(/usr/local/texlive/2013/texmf-dist/tex/generic/xkeyval/xkeyval.tex
\XKV@toks=\toks32
\XKV@tempa@toks=\toks33
\XKV@depth=\count136
File: xkeyval.tex 2012/10/14 v2.6b key=value parser (HA)
))
(/usr/local/texlive/2013/texmf-dist/tex/latex/adjustbox/adjcalc.sty
Package: adjcalc 2012/05/16 v1.1 Provides advanced setlength with multiple back
-ends (calc, etex, pgfmath)
)
(/usr/local/texlive/2013/texmf-dist/tex/latex/adjustbox/trimclip.sty
Package: trimclip 2012/05/16 v1.0 Trim and clip general TeX material

(/usr/local/texlive/2013/texmf-dist/tex/latex/collectbox/collectbox.sty
Package: collectbox 2012/05/17 v0.4b Collect macro arguments as boxes
\collectedbox=\box35
)
\tc@llx=\dimen148
\tc@lly=\dimen149
\tc@urx=\dimen150
\tc@ury=\dimen151
Package trimclip Info: Using driver 'tc-pdftex.def'.

(/usr/local/texlive/2013/texmf-dist/tex/latex/adjustbox/tc-pdftex.def
File: tc-pdftex.def 2012/05/13 v1.0 Clipping driver for pdftex
))
\adjbox@Width=\dimen152
\adjbox@Height=\dimen153
\adjbox@Depth=\dimen154
\adjbox@Totalheight=\dimen155

(/usr/local/texlive/2013/texmf-dist/tex/latex/ifoddpage/ifoddpage.sty
Package: ifoddpage 2011/09/13 v1.0 Conditionals for odd/even page detection
\c@checkoddpage=\count137
)
(/usr/local/texlive/2013/texmf-dist/tex/latex/varwidth/varwidth.sty
Package: varwidth 2009/03/30 ver 0.92;  Variable-width minipages
\@vwid@box=\box36
\sift@deathcycles=\count138
\@vwid@loff=\dimen156
\@vwid@roff=\dimen157
))
(/usr/local/texlive/2013/texmf-dist/tex/generic/babel/babel.sty
Package: babel 2013/05/16 v3.9f The Babel package

(/usr/local/texlive/2013/texmf-dist/tex/generic/babel-croatian/croatian.ldf
Language: croatian 2005/03/29 v1.3l Croatian support from the babel system

(/usr/local/texlive/2013/texmf-dist/tex/generic/babel/babel.def
File: babel.def 2013/05/16 v3.9f Babel common definitions
\babel@savecnt=\count139
\U@D=\dimen158
))
(/usr/local/texlive/2013/texmf-dist/tex/generic/babel-english/english.ldf
Language: english 2012/08/20 v3.3p English support from the babel system
\l@canadian = a dialect from \language\l@american 
\l@australian = a dialect from \language\l@british 
\l@newzealand = a dialect from \language\l@british 
))
Package hyperref Info: Option `colorlinks' set `true' on input line 14.

(./main.aux (./Figures/Results/Muon/yield_table_mu.aux)
(./Figures/Results/Electron/yield_table_ele.aux)
(./Figures/Results/Muon/syst_table_mu.aux)
(./Figures/Results/Electron/syst_table_ele.aux))
\openout1 = `main.aux'.

LaTeX Font Info:    Checking defaults for OML/cmm/m/it on input line 17.
LaTeX Font Info:    ... okay on input line 17.
LaTeX Font Info:    Checking defaults for T1/cmr/m/n on input line 17.
LaTeX Font Info:    ... okay on input line 17.
LaTeX Font Info:    Checking defaults for OT1/cmr/m/n on input line 17.
LaTeX Font Info:    ... okay on input line 17.
LaTeX Font Info:    Checking defaults for OMS/cmsy/m/n on input line 17.
LaTeX Font Info:    ... okay on input line 17.
LaTeX Font Info:    Checking defaults for OMX/cmex/m/n on input line 17.
LaTeX Font Info:    ... okay on input line 17.
LaTeX Font Info:    Checking defaults for U/cmr/m/n on input line 17.
LaTeX Font Info:    ... okay on input line 17.
LaTeX Font Info:    Checking defaults for PD1/pdf/m/n on input line 17.
LaTeX Font Info:    ... okay on input line 17.
LaTeX Font Info:    Checking defaults for PU/pdf/m/n on input line 17.
LaTeX Font Info:    ... okay on input line 17.
Package caption Info: Begin \AtBeginDocument code.
Package caption Info: hyperref package is loaded.
Package caption Info: listings package is loaded.
Package caption Info: longtable package is loaded.

(/usr/local/texlive/2013/texmf-dist/tex/latex/caption/ltcaption.sty
Package: ltcaption 2013/02/03 v1.3-62 longtable captions (AR)
)
Package caption Info: rotating package is loaded.
Package caption Info: End \AtBeginDocument code.

(/usr/local/texlive/2013/texmf-dist/tex/context/base/supp-pdf.mkii
[Loading MPS to PDF converter (version 2006.09.02).]
\scratchcounter=\count140
\scratchdimen=\dimen159
\scratchbox=\box37
\nofMPsegments=\count141
\nofMParguments=\count142
\everyMPshowfont=\toks34
\MPscratchCnt=\count143
\MPscratchDim=\dimen160
\MPnumerator=\count144
\makeMPintoPDFobject=\count145
\everyMPtoPDFconversion=\toks35
)
\c@lstlisting=\count146
\AtBeginShipoutBox=\box38
 (/usr/local/texlive/2013/texmf-dist/tex/latex/graphics/color.sty
Package: color 2005/11/14 v1.0j Standard LaTeX Color (DPC)

(/usr/local/texlive/2013/texmf-dist/tex/latex/latexconfig/color.cfg
File: color.cfg 2007/01/18 v1.5 color configuration of teTeX/TeXLive
)
Package color Info: Driver file: pdftex.def on input line 130.
)
Package hyperref Info: Link coloring ON on input line 17.

(/usr/local/texlive/2013/texmf-dist/tex/latex/hyperref/nameref.sty
Package: nameref 2012/10/27 v2.43 Cross-referencing by name of section

(/usr/local/texlive/2013/texmf-dist/tex/generic/oberdiek/gettitlestring.sty
Package: gettitlestring 2010/12/03 v1.4 Cleanup title references (HO)
)
\c@section@level=\count147
)
LaTeX Info: Redefining \ref on input line 17.
LaTeX Info: Redefining \pageref on input line 17.
LaTeX Info: Redefining \nameref on input line 17.

(./main.out) (./main.out)
\@outlinefile=\write3
\openout3 = `main.out'.



LaTeX Font Warning: Font shape `OT1/cmr/m/n' in size <16> not available
(Font)              size <17.28> substituted on input line 106.

LaTeX Font Info:    Try loading font information for OT1+phv on input line 107.

(/usr/local/texlive/2013/texmf-dist/tex/latex/psnfss/ot1phv.fd
File: ot1phv.fd 2001/06/04 scalable font definitions for OT1/phv.
)
<logo_unizg_eng.jpg, id=309, 359.07378pt x 249.175pt>
File: logo_unizg_eng.jpg Graphic file (type jpg)
 <use logo_unizg_eng.jpg>
Package pdftex.def Info: logo_unizg_eng.jpg used on input line 114.
(pdftex.def)             Requested size: 169.01125pt x 117.1807pt.
LaTeX Font Info:    Font shape `OT1/phv/bx/n' in size <22> not available
(Font)              Font shape `OT1/phv/b/n' tried instead on input line 122.

[1



{/usr/local/texlive/2013/texmf-var/fonts/map/pdftex/updmap/pdftex.map} <./logo_
unizg_eng.jpg>] [2

]
File: logo_unizg_eng.jpg Graphic file (type jpg)
 <use logo_unizg_eng.jpg>
Package pdftex.def Info: logo_unizg_eng.jpg used on input line 139.
(pdftex.def)             Requested size: 169.01125pt x 117.1807pt.
 [1] [2

]
<logo_unizg2.jpg, id=331, 359.07378pt x 249.31728pt>
File: logo_unizg2.jpg Graphic file (type jpg)
 <use logo_unizg2.jpg>
Package pdftex.def Info: logo_unizg2.jpg used on input line 166.
(pdftex.def)             Requested size: 169.01125pt x 117.17912pt.

[1 <./logo_unizg2.jpg>] [2]
------------------------------------------------------------------------------
 Abstract Page
------------------------------------------------------------------------------
[3

]
------------------------------------------------------------------------------
 Acknowledgements
------------------------------------------------------------------------------
[4

]
------------------------------------------------------------------------------
 Table of Contents
------------------------------------------------------------------------------
(./main.toc
LaTeX Font Info:    Try loading font information for U+msa on input line 13.
 (/usr/local/texlive/2013/texmf-dist/tex/latex/amsfonts/umsa.fd
File: umsa.fd 2013/01/14 v3.01 AMS symbols A
)
LaTeX Font Info:    Try loading font information for U+msb on input line 13.

(/usr/local/texlive/2013/texmf-dist/tex/latex/amsfonts/umsb.fd
File: umsb.fd 2013/01/14 v3.01 AMS symbols B
) [5


] [6])
\tf@toc=\write4
\openout4 = `main.toc'.


[7] [8

]
------------------------------------------------------------------------------
 List of Figures
------------------------------------------------------------------------------
(./main.lof [9

])
\tf@lof=\write5
\openout5 = `main.lof'.

 [10]
------------------------------------------------------------------------------
 List of Tables
------------------------------------------------------------------------------
(./main.lot)
\tf@lot=\write6
\openout6 = `main.lot'.

 [11


] [12

] (./Chapters/Chapter1.tex
Chapter 1.
------------------------------------------------------------------------------
 1 Introduction
------------------------------------------------------------------------------
[1


]) (./Chapters/Chapter2.tex [2] [3] [4

]
Chapter 2.
------------------------------------------------------------------------------
 2 Theoretical overview and previous measurements
------------------------------------------------------------------------------
[5] <Figures/Elementary_Particles.png, id=677, 445.665pt x 445.665pt>
File: Figures/Elementary_Particles.png Graphic file (type png)

<use Figures/Elementary_Particles.png>
Package pdftex.def Info: Figures/Elementary_Particles.png used on input line 22
.
(pdftex.def)             Requested size: 227.94214pt x 227.94577pt.
 [6] [7 <./Figures/Elementary_Particles.png>] [8] [9] [10]
LaTeX Font Info:    Try loading font information for OMS+cmr on input line 81.
 (/usr/local/texlive/2013/texmf-dist/tex/latex/base/omscmr.fd
File: omscmr.fd 1999/05/25 v2.5h Standard LaTeX font definitions
)
LaTeX Font Info:    Font shape `OMS/cmr/m/n' in size <12> not available
(Font)              Font shape `OMS/cmsy/m/n' tried instead on input line 81.
<Figures/collision.png, id=739, 415.5525pt x 414.54875pt>
File: Figures/collision.png Graphic file (type png)

<use Figures/collision.png>
Package pdftex.def Info: Figures/collision.png used on input line 90.
(pdftex.def)             Requested size: 227.94214pt x 227.38893pt.

<Figures/alpha_s.pdf, id=743, 241.0129pt x 168.46529pt>
File: Figures/alpha_s.pdf Graphic file (type pdf)

<use Figures/alpha_s.pdf>
Package pdftex.def Info: Figures/alpha_s.pdf used on input line 107.
(pdftex.def)             Requested size: 241.01228pt x 168.46487pt.
 [11]
<Figures/diagram.pdf, id=750, 219.02448pt x 146.14731pt>
File: Figures/diagram.pdf Graphic file (type pdf)

<use Figures/diagram.pdf>
Package pdftex.def Info: Figures/diagram.pdf used on input line 116.
(pdftex.def)             Requested size: 219.02394pt x 146.14693pt.
 [12 <./Figures/collision.png>] [13 <./Figures/alpha_s.pdf> <./Figures/diagram.
pdf>]
<Figures/MSTW.pdf, id=919, 415.62657pt x 265.3915pt>
File: Figures/MSTW.pdf Graphic file (type pdf)
 <use Figures/MSTW.pdf>
Package pdftex.def Info: Figures/MSTW.pdf used on input line 142.
(pdftex.def)             Requested size: 415.62555pt x 265.39084pt.

[14] [15 <./Figures/MSTW.pdf>]
<Figures/pp_xsec.pdf, id=974, 335.36642pt x 445.99pt>
File: Figures/pp_xsec.pdf Graphic file (type pdf)

<use Figures/pp_xsec.pdf>
Package pdftex.def Info: Figures/pp_xsec.pdf used on input line 152.
(pdftex.def)             Requested size: 319.1176pt x 424.40265pt.
 [16 <./Figures/pp_xsec.pdf>] [17]
<Figures/LO_diag.pdf, id=1034, 212.09238pt x 154.06729pt>
File: Figures/LO_diag.pdf Graphic file (type pdf)

<use Figures/LO_diag.pdf>
Package pdftex.def Info: Figures/LO_diag.pdf used on input line 180.
(pdftex.def)             Requested size: 227.94214pt x 165.59088pt.

<Figures/scale_dep.pdf, id=1035, 394.73201pt x 284.27806pt>
File: Figures/scale_dep.pdf Graphic file (type pdf)

<use Figures/scale_dep.pdf>
Package pdftex.def Info: Figures/scale_dep.pdf used on input line 187.
(pdftex.def)             Requested size: 319.1176pt x 229.82584pt.
 [18 <./Figures/LO_diag.pdf>]
<Figures/2006_scale.pdf, id=1078, 350.06384pt x 253.16171pt>
File: Figures/2006_scale.pdf Graphic file (type pdf)

<use Figures/2006_scale.pdf>
Package pdftex.def Info: Figures/2006_scale.pdf used on input line 202.
(pdftex.def)             Requested size: 350.06299pt x 253.16109pt.
 [19 <./Figures/scale_dep.pdf>]
<Figures/5FS_diag.pdf, id=1118, 215.53845pt x 174.6528pt>
File: Figures/5FS_diag.pdf Graphic file (type pdf)

<use Figures/5FS_diag.pdf>
Package pdftex.def Info: Figures/5FS_diag.pdf used on input line 210.
(pdftex.def)             Requested size: 227.94214pt x 184.70735pt.

<Figures/DPS_diag.pdf, id=1120, 207.21596pt x 161.55005pt>
File: Figures/DPS_diag.pdf Graphic file (type pdf)

<use Figures/DPS_diag.pdf>
Package pdftex.def Info: Figures/DPS_diag.pdf used on input line 222.
(pdftex.def)             Requested size: 227.94214pt x 177.71793pt.
 [20 <./Figures/2006_scale.pdf>] [21 <./Figures/5FS_diag.pdf> <./Figures/DPS_di
ag.pdf>] [22]
<Figures/DPS_res.pdf, id=1254, 190.25137pt x 181.56142pt>
File: Figures/DPS_res.pdf Graphic file (type pdf)

<use Figures/DPS_res.pdf>
Package pdftex.def Info: Figures/DPS_res.pdf used on input line 248.
(pdftex.def)             Requested size: 273.53336pt x 261.0382pt.
 [23] [24 <./Figures/DPS_res.pdf>]
<Figures/atlas_total.pdf, id=1365, 569.12625pt x 408.52625pt>
File: Figures/atlas_total.pdf Graphic file (type pdf)

<use Figures/atlas_total.pdf>
Package pdftex.def Info: Figures/atlas_total.pdf used on input line 266.
(pdftex.def)             Requested size: 319.1176pt x 229.07858pt.

<Figures/atlas_diff1j.pdf, id=1368, 569.12625pt x 503.8825pt>
File: Figures/atlas_diff1j.pdf Graphic file (type pdf)

<use Figures/atlas_diff1j.pdf>
Package pdftex.def Info: Figures/atlas_diff1j.pdf used on input line 275.
(pdftex.def)             Requested size: 227.94214pt x 201.81084pt.

<Figures/atlas_diff.pdf, id=1369, 569.12625pt x 503.8825pt>
File: Figures/atlas_diff.pdf Graphic file (type pdf)

<use Figures/atlas_diff.pdf>
Package pdftex.def Info: Figures/atlas_diff.pdf used on input line 281.
(pdftex.def)             Requested size: 227.94214pt x 201.81084pt.
 [25] [26 <./Figures/atlas_total.pdf> <./Figures/atlas_diff1j.pdf> <./Figures/a
tlas_diff.pdf>]
<Figures/cms_tot.pdf, id=1410, 213.70972pt x 266.14651pt>
File: Figures/cms_tot.pdf Graphic file (type pdf)

<use Figures/cms_tot.pdf>
Package pdftex.def Info: Figures/cms_tot.pdf used on input line 292.
(pdftex.def)             Requested size: 213.70918pt x 266.14586pt.
) (./Chapters/Chapter3.tex [27 <./Figures/cms_tot.pdf>] [28

]
Chapter 3.
------------------------------------------------------------------------------
 3 Large Hadron Collider
------------------------------------------------------------------------------
<Figures/LHC.jpg, id=1491, 845.1575pt x 683.05188pt>
File: Figures/LHC.jpg Graphic file (type jpg)
 <use Figures/LHC.jpg>
Package pdftex.def Info: Figures/LHC.jpg used on input line 13.
(pdftex.def)             Requested size: 455.8843pt x 368.44647pt.

[29] [30 <./Figures/LHC.jpg>] [31]
<Figures/LHC_magnet.pdf, id=1512, 406.67093pt x 345.5594pt>
File: Figures/LHC_magnet.pdf Graphic file (type pdf)

<use Figures/LHC_magnet.pdf>
Package pdftex.def Info: Figures/LHC_magnet.pdf used on input line 40.
(pdftex.def)             Requested size: 273.53336pt x 232.43578pt.

<Figures/LHC_MagVec.pdf, id=1513, 276.69835pt x 277.66145pt>
File: Figures/LHC_MagVec.pdf Graphic file (type pdf)

<use Figures/LHC_MagVec.pdf>
Package pdftex.def Info: Figures/LHC_MagVec.pdf used on input line 41.
(pdftex.def)             Requested size: 177.79459pt x 178.41872pt.
 [32] [33 <./Figures/LHC_magnet.pdf> <./Figures/LHC_MagVec.pdf>] <Figures/lumi.
png, id=1600, 1027.84pt x 410.53375pt>
File: Figures/lumi.png Graphic file (type png)

<use Figures/lumi.png>
Package pdftex.def Info: Figures/lumi.png used on input line 109.
(pdftex.def)             Requested size: 455.8843pt x 182.0887pt.


LaTeX Warning: `h' float specifier changed to `ht'.

) (./Chapters/Chapter4.tex [34] [35 <./Figures/lumi.png>] [36

]
Chapter 4.
------------------------------------------------------------------------------
 4 Compact Muon Solenoid
------------------------------------------------------------------------------
<Figures/CMS.pdf, id=1618, 845.1575pt x 597.23125pt>
File: Figures/CMS.pdf Graphic file (type pdf)
 <use Figures/CMS.pdf>
Package pdftex.def Info: Figures/CMS.pdf used on input line 10.
(pdftex.def)             Requested size: 410.29308pt x 289.9393pt.

[37] [38 <./Figures/CMS.pdf>] [39]
<Figures/pixel_detector.png, id=1785, 4717.625pt x 3333.45375pt>
File: Figures/pixel_detector.png Graphic file (type png)

<use Figures/pixel_detector.png>
Package pdftex.def Info: Figures/pixel_detector.png used on input line 63.
(pdftex.def)             Requested size: 364.70882pt x 257.67876pt.

<Figures/pixel_eta.pdf, id=1788, 199.95953pt x 102.75047pt>
File: Figures/pixel_eta.pdf Graphic file (type pdf)

<use Figures/pixel_eta.pdf>
Package pdftex.def Info: Figures/pixel_eta.pdf used on input line 70.
(pdftex.def)             Requested size: 223.3858pt x 114.79124pt.

<Figures/pixel_eta2.pdf, id=1789, 213.63704pt x 99.42555pt>
File: Figures/pixel_eta2.pdf Graphic file (type pdf)

<use Figures/pixel_eta2.pdf>
Package pdftex.def Info: Figures/pixel_eta2.pdf used on input line 71.
(pdftex.def)             Requested size: 223.3858pt x 103.96751pt.
 [40] [41 <./Figures/pixel_detector.png> <./Figures/pixel_eta.pdf> <./Figures/p
ixel_eta2.pdf>] [42]
<Figures/strip_detector.png, id=1907, 482.80376pt x 241.90375pt>
File: Figures/strip_detector.png Graphic file (type png)

<use Figures/strip_detector.png>
Package pdftex.def Info: Figures/strip_detector.png used on input line 91.
(pdftex.def)             Requested size: 410.29308pt x 205.57855pt.

<Figures/ECAL.pdf, id=1910, 396.36963pt x 265.40305pt>
File: Figures/ECAL.pdf Graphic file (type pdf)
 <use Figures/ECAL.pdf>
Package pdftex.def Info: Figures/ECAL.pdf used on input line 106.
(pdftex.def)             Requested size: 364.70882pt x 244.2183pt.

[43 <./Figures/strip_detector.png (PNG copy)>]
<Figures/HCAL.pdf, id=1918, 399.99248pt x 234.73618pt>
File: Figures/HCAL.pdf Graphic file (type pdf)
 <use Figures/HCAL.pdf>
Package pdftex.def Info: Figures/HCAL.pdf used on input line 128.
(pdftex.def)             Requested size: 364.70882pt x 214.04005pt.

[44 <./Figures/ECAL.pdf>]
<Figures/Muon_chambres.png, id=1950, 790.955pt x 574.145pt>
File: Figures/Muon_chambres.png Graphic file (type png)

<use Figures/Muon_chambres.png>
Package pdftex.def Info: Figures/Muon_chambres.png used on input line 144.
(pdftex.def)             Requested size: 364.70882pt x 264.74068pt.
 [45 <./Figures/HCAL.pdf>]
<Figures/MU_pt_res.pdf, id=2005, 197.06071pt x 225.59944pt>
File: Figures/MU_pt_res.pdf Graphic file (type pdf)

<use Figures/MU_pt_res.pdf>
Package pdftex.def Info: Figures/MU_pt_res.pdf used on input line 152.
(pdftex.def)             Requested size: 227.94214pt x 260.9692pt.

<Figures/trigger.pdf, id=2009, 172.65816pt x 214.7489pt>
File: Figures/trigger.pdf Graphic file (type pdf)

<use Figures/trigger.pdf>
Package pdftex.def Info: Figures/trigger.pdf used on input line 168.
(pdftex.def)             Requested size: 182.35092pt x 226.80371pt.
 [46] [47 <./Figures/Muon_chambres.png (PNG copy)> <./Figures/MU_pt_res.pdf>] [
48 <./Figures/trigger.pdf>]) (./Chapters/Chapter5.tex
[49] [50

]
Chapter 5.
------------------------------------------------------------------------------
 5 Physics objects definitions
------------------------------------------------------------------------------
[51] [52]

LaTeX Warning: `h' float specifier changed to `ht'.


Overfull \hbox (17.77689pt too wide) in paragraph at lines 64--65
\OT1/cmr/m/n/12 Muons in CMS are re-con-struc-ted by com-bin-ing a re-con-struc
-ted track in-side the tracker(\OT1/cmr/m/it/12 tracker
 []

[53] [54] [55] <Figures/jet_unsafe2.pdf, id=2158, 353.5824pt x 108.08731pt>
File: Figures/jet_unsafe2.pdf Graphic file (type pdf)

<use Figures/jet_unsafe2.pdf>
Package pdftex.def Info: Figures/jet_unsafe2.pdf used on input line 128.
(pdftex.def)             Requested size: 364.70882pt x 111.49443pt.
 [56] [57 <./Figures/jet_unsafe2.pdf>]
<Figures/diff_algos.pdf, id=2225, 492.73836pt x 369.69287pt>
File: Figures/diff_algos.pdf Graphic file (type pdf)

<use Figures/diff_algos.pdf>
Package pdftex.def Info: Figures/diff_algos.pdf used on input line 145.
(pdftex.def)             Requested size: 410.29308pt x 307.84348pt.
 [58] [59 <./Figures/diff_algos.pdf>]
<Figures/jet_tot_corr_eta.pdf, id=2285, 405.92354pt x 202.37949pt>
File: Figures/jet_tot_corr_eta.pdf Graphic file (type pdf)

<use Figures/jet_tot_corr_eta.pdf>
Package pdftex.def Info: Figures/jet_tot_corr_eta.pdf used on input line 175.
(pdftex.def)             Requested size: 410.29308pt x 204.56532pt.

<Figures/jet_tot_corr_pt.pdf, id=2288, 400.78487pt x 384.00032pt>
File: Figures/jet_tot_corr_pt.pdf Graphic file (type pdf)

<use Figures/jet_tot_corr_pt.pdf>
Package pdftex.def Info: Figures/jet_tot_corr_pt.pdf used on input line 183.
(pdftex.def)             Requested size: 410.29308pt x 393.11069pt.

<Figures/jet_unc_err.pdf, id=2291, 684.7802pt x 338.52275pt>
File: Figures/jet_unc_err.pdf Graphic file (type pdf)

<use Figures/jet_unc_err.pdf>
Package pdftex.def Info: Figures/jet_unc_err.pdf used on input line 191.
(pdftex.def)             Requested size: 410.29308pt x 202.83627pt.
 [60]

LaTeX Warning: `h' float specifier changed to `ht'.

[61 <./Figures/jet_tot_corr_eta.pdf>] [62 <./Figures/jet_tot_corr_pt.pdf>]
[63 <./Figures/jet_unc_err.pdf>]
<Figures/b-tag_csv.pdf, id=2504, 432.45007pt x 147.89072pt>
File: Figures/b-tag_csv.pdf Graphic file (type pdf)

<use Figures/b-tag_csv.pdf>
Package pdftex.def Info: Figures/b-tag_csv.pdf used on input line 241.
(pdftex.def)             Requested size: 455.8843pt x 155.90813pt.

<Figures/MisID_CSVM.pdf, id=2508, 239.7494pt x 98.11145pt>
File: Figures/MisID_CSVM.pdf Graphic file (type pdf)

<use Figures/MisID_CSVM.pdf>
Package pdftex.def Info: Figures/MisID_CSVM.pdf used on input line 248.
(pdftex.def)             Requested size: 273.53336pt x 111.94998pt.
 [64 <./Figures/b-tag_csv.pdf>] [65 <./Figures/MisID_CSVM.pdf>]) (./Chapters/Ch
apter6.tex [66]
Chapter 6.
------------------------------------------------------------------------------
 6 Event selection and background estimation
------------------------------------------------------------------------------
[67

] [68] [69] [70]
<Figures/Results/noPU.pdf, id=2727, 569.12625pt x 546.04pt>
File: Figures/Results/noPU.pdf Graphic file (type pdf)

<use Figures/Results/noPU.pdf>
Package pdftex.def Info: Figures/Results/noPU.pdf used on input line 82.
(pdftex.def)             Requested size: 218.82251pt x 209.94693pt.

<Figures/Results/withPU.pdf, id=2728, 569.12625pt x 546.04pt>
File: Figures/Results/withPU.pdf Graphic file (type pdf)

<use Figures/Results/withPU.pdf>
Package pdftex.def Info: Figures/Results/withPU.pdf used on input line 83.
(pdftex.def)             Requested size: 218.82251pt x 209.94693pt.
 [71 <./Figures/Results/noPU.pdf, page is rotated 90 degrees> <./Figures/Result
s/withPU.pdf, page is rotated 90 degrees>]
<Figures/ID_eff.pdf, id=2821, 375.56932pt x 359.33295pt>
File: Figures/ID_eff.pdf Graphic file (type pdf)

<use Figures/ID_eff.pdf>
Package pdftex.def Info: Figures/ID_eff.pdf used on input line 106.
(pdftex.def)             Requested size: 223.3858pt x 213.73174pt.

<Figures/ISO_eff.pdf, id=2822, 367.28949pt x 360.55623pt>
File: Figures/ISO_eff.pdf Graphic file (type pdf)

<use Figures/ISO_eff.pdf>
Package pdftex.def Info: Figures/ISO_eff.pdf used on input line 107.
(pdftex.def)             Requested size: 223.3858pt x 219.28978pt.

<Figures/trig_eff.pdf, id=2825, 365.98665pt x 357.25426pt>
File: Figures/trig_eff.pdf Graphic file (type pdf)

<use Figures/trig_eff.pdf>
Package pdftex.def Info: Figures/trig_eff.pdf used on input line 115.
(pdftex.def)             Requested size: 227.94214pt x 222.50381pt.
 [72] [73 <./Figures/ID_eff.pdf> <./Figures/ISO_eff.pdf> <./Figures/trig_eff.pd
f>]
<Figures/b-tagSF.pdf, id=2942, 281.33849pt x 147.10298pt>
File: Figures/b-tagSF.pdf Graphic file (type pdf)

<use Figures/b-tagSF.pdf>
Package pdftex.def Info: Figures/b-tagSF.pdf used on input line 136.
(pdftex.def)             Requested size: 273.53336pt x 143.03311pt.

<Figures/miss-tag.pdf, id=2943, 281.21251pt x 105.02106pt>
File: Figures/miss-tag.pdf Graphic file (type pdf)

<use Figures/miss-tag.pdf>
Package pdftex.def Info: Figures/miss-tag.pdf used on input line 137.
(pdftex.def)             Requested size: 273.53336pt x 102.16193pt.
 [74 <./Figures/b-tagSF.pdf> <./Figures/miss-tag.pdf>] [75]
<Figures/Results/Muon/prefit/Wbb_GetMET_doQCD1.pdf, id=3037, 569.12625pt x 546.
04pt>
File: Figures/Results/Muon/prefit/Wbb_GetMET_doQCD1.pdf Graphic file (type pdf)

 <use Figures/Results/Muon/prefit/Wbb_GetMET_doQCD1.pdf>
Package pdftex.def Info: Figures/Results/Muon/prefit/Wbb_GetMET_doQCD1.pdf used
 on input line 169.
(pdftex.def)             Requested size: 218.82251pt x 209.94693pt.

<Figures/Results/Muon/prefit/Wbb_vLepton_pt_doQCD1.pdf, id=3038, 569.12625pt x 
546.04pt>
File: Figures/Results/Muon/prefit/Wbb_vLepton_pt_doQCD1.pdf Graphic file (type 
pdf)
 <use Figures/Results/Muon/prefit/Wbb_vLepton_pt_doQCD1.pdf>
Package pdftex.def Info: Figures/Results/Muon/prefit/Wbb_vLepton_pt_doQCD1.pdf 
used on input line 170.
(pdftex.def)             Requested size: 218.82251pt x 209.94693pt.

<Figures/Results/Muon/prefit/Wbb_GetWpt_doQCD1.pdf, id=3039, 569.12625pt x 546.
04pt>
File: Figures/Results/Muon/prefit/Wbb_GetWpt_doQCD1.pdf Graphic file (type pdf)

 <use Figures/Results/Muon/prefit/Wbb_GetWpt_doQCD1.pdf>
Package pdftex.def Info: Figures/Results/Muon/prefit/Wbb_GetWpt_doQCD1.pdf used
 on input line 171.
(pdftex.def)             Requested size: 218.82251pt x 209.94693pt.

<Figures/Results/Muon/prefit/Wbb_H_pt_doQCD1.pdf, id=3040, 569.12625pt x 546.04
pt>
File: Figures/Results/Muon/prefit/Wbb_H_pt_doQCD1.pdf Graphic file (type pdf)
 <use Figures/Results/Muon/prefit/Wbb_H_pt_doQCD1.pdf>
Package pdftex.def Info: Figures/Results/Muon/prefit/Wbb_H_pt_doQCD1.pdf used o
n input line 172.
(pdftex.def)             Requested size: 218.82251pt x 209.94693pt.

<Figures/Results/Muon/prefit/Wbb_H_mass_doQCD1.pdf, id=3041, 569.12625pt x 546.
04pt>
File: Figures/Results/Muon/prefit/Wbb_H_mass_doQCD1.pdf Graphic file (type pdf)

 <use Figures/Results/Muon/prefit/Wbb_H_mass_doQCD1.pdf>
Package pdftex.def Info: Figures/Results/Muon/prefit/Wbb_H_mass_doQCD1.pdf used
 on input line 173.
(pdftex.def)             Requested size: 218.82251pt x 209.94693pt.

<Figures/Results/Muon/prefit/Wbb_max_hJet_pt_doQCD1.pdf, id=3042, 569.12625pt x
 546.04pt>
File: Figures/Results/Muon/prefit/Wbb_max_hJet_pt_doQCD1.pdf Graphic file (type
 pdf)
 <use Figures/Results/Muon/prefit/Wbb_max_hJet_pt_doQCD1.pdf>
Package pdftex.def Info: Figures/Results/Muon/prefit/Wbb_max_hJet_pt_doQCD1.pdf
 used on input line 174.
(pdftex.def)             Requested size: 218.82251pt x 209.94693pt.


LaTeX Warning: Float too large for page by 38.75284pt on input line 178.


<Figures/Results/Electron/prefit/Wbb_GetMET_doQCD1.pdf, id=3043, 569.12625pt x 
546.04pt>
File: Figures/Results/Electron/prefit/Wbb_GetMET_doQCD1.pdf Graphic file (type 
pdf)
 <use Figures/Results/Electron/prefit/Wbb_GetMET_doQCD1.pdf>
Package pdftex.def Info: Figures/Results/Electron/prefit/Wbb_GetMET_doQCD1.pdf 
used on input line 181.
(pdftex.def)             Requested size: 218.82251pt x 209.94693pt.

<Figures/Results/Electron/prefit/Wbb_vLepton_pt_doQCD1.pdf, id=3044, 569.12625p
t x 546.04pt>
File: Figures/Results/Electron/prefit/Wbb_vLepton_pt_doQCD1.pdf Graphic file (t
ype pdf)
 <use Figures/Results/Electron/prefit/Wbb_vLepton_pt_doQCD1.pdf>
Package pdftex.def Info: Figures/Results/Electron/prefit/Wbb_vLepton_pt_doQCD1.
pdf used on input line 182.
(pdftex.def)             Requested size: 218.82251pt x 209.94693pt.

<Figures/Results/Electron/prefit/Wbb_GetWpt_doQCD1.pdf, id=3045, 569.12625pt x 
546.04pt>
File: Figures/Results/Electron/prefit/Wbb_GetWpt_doQCD1.pdf Graphic file (type 
pdf)
 <use Figures/Results/Electron/prefit/Wbb_GetWpt_doQCD1.pdf>
Package pdftex.def Info: Figures/Results/Electron/prefit/Wbb_GetWpt_doQCD1.pdf 
used on input line 183.
(pdftex.def)             Requested size: 218.82251pt x 209.94693pt.

<Figures/Results/Electron/prefit/Wbb_H_pt_doQCD1.pdf, id=3046, 569.12625pt x 54
6.04pt>
File: Figures/Results/Electron/prefit/Wbb_H_pt_doQCD1.pdf Graphic file (type pd
f)
 <use Figures/Results/Electron/prefit/Wbb_H_pt_doQCD1.pdf>
Package pdftex.def Info: Figures/Results/Electron/prefit/Wbb_H_pt_doQCD1.pdf us
ed on input line 184.
(pdftex.def)             Requested size: 218.82251pt x 209.94693pt.

<Figures/Results/Electron/prefit/Wbb_H_mass_doQCD1.pdf, id=3047, 569.12625pt x 
546.04pt>
File: Figures/Results/Electron/prefit/Wbb_H_mass_doQCD1.pdf Graphic file (type 
pdf)
 <use Figures/Results/Electron/prefit/Wbb_H_mass_doQCD1.pdf>
Package pdftex.def Info: Figures/Results/Electron/prefit/Wbb_H_mass_doQCD1.pdf 
used on input line 185.
(pdftex.def)             Requested size: 218.82251pt x 209.94693pt.

<Figures/Results/Electron/prefit/Wbb_max_hJet_pt_doQCD1.pdf, id=3048, 569.12625
pt x 546.04pt>
File: Figures/Results/Electron/prefit/Wbb_max_hJet_pt_doQCD1.pdf Graphic file (
type pdf)

<use Figures/Results/Electron/prefit/Wbb_max_hJet_pt_doQCD1.pdf>
Package pdftex.def Info: Figures/Results/Electron/prefit/Wbb_max_hJet_pt_doQCD1
.pdf used on input line 186.
(pdftex.def)             Requested size: 218.82251pt x 209.94693pt.


LaTeX Warning: Float too large for page by 38.75284pt on input line 190.

<Figures/FD-tt.png, id=3051, 245.91875pt x 149.55875pt>
File: Figures/FD-tt.png Graphic file (type png)

<use Figures/FD-tt.png>
Package pdftex.def Info: Figures/FD-tt.png used on input line 202.
(pdftex.def)             Requested size: 168.67496pt x 102.58632pt.
 <Figures/FD-st.png, id=3052, 176.66pt x 195.73125pt>
File: Figures/FD-st.png Graphic file (type png)

<use Figures/FD-st.png>
Package pdftex.def Info: Figures/FD-st.png used on input line 203.
(pdftex.def)             Requested size: 111.68942pt x 123.74738pt.
 <Figures/FD-WJ.png, id=3053, 176.66pt x 192.72pt>
File: Figures/FD-WJ.png Graphic file (type png)

<use Figures/FD-WJ.png>
Package pdftex.def Info: Figures/FD-WJ.png used on input line 204.
(pdftex.def)             Requested size: 113.97107pt x 124.3343pt.
 [76] [77 <./Figures/Results/Muon/prefit/Wbb_GetMET_doQCD1.pdf, page is rotated
 90 degrees> <./Figures/Results/Muon/prefit/Wbb_vLepton_pt_doQCD1.pdf, page is 
rotated 90 degrees> <./Figures/Results/Muon/prefit/Wbb_GetWpt_doQCD1.pdf, page 
is rotated 90 degrees> <./Figures/Results/Muon/prefit/Wbb_H_pt_doQCD1.pdf, page
 is rotated 90 degrees> <./Figures/Results/Muon/prefit/Wbb_H_mass_doQCD1.pdf, p
age is rotated 90 degrees> <./Figures/Results/Muon/prefit/Wbb_max_hJet_pt_doQCD
1.pdf, page is rotated 90 degrees>] [78 <./Figures/Results/Electron/prefit/Wbb_
GetMET_doQCD1.pdf, page is rotated 90 degrees> <./Figures/Results/Electron/pref
it/Wbb_vLepton_pt_doQCD1.pdf, page is rotated 90 degrees> <./Figures/Results/El
ectron/prefit/Wbb_GetWpt_doQCD1.pdf, page is rotated 90 degrees> <./Figures/Res
ults/Electron/prefit/Wbb_H_pt_doQCD1.pdf, page is rotated 90 degrees> <./Figure
s/Results/Electron/prefit/Wbb_H_mass_doQCD1.pdf, page is rotated 90 degrees> <.
/Figures/Results/Electron/prefit/Wbb_max_hJet_pt_doQCD1.pdf, page is rotated 90
 degrees>]
<Figures/Results/Muon/prefit/TT_GetMET_doQCD1.pdf, id=3585, 569.12625pt x 546.0
4pt>
File: Figures/Results/Muon/prefit/TT_GetMET_doQCD1.pdf Graphic file (type pdf)
 <use Figures/Results/Muon/prefit/TT_GetMET_doQCD1.pdf>
Package pdftex.def Info: Figures/Results/Muon/prefit/TT_GetMET_doQCD1.pdf used 
on input line 215.
(pdftex.def)             Requested size: 218.82251pt x 209.94693pt.

<Figures/Results/Muon/prefit/TT_vLepton_pt_doQCD1.pdf, id=3586, 569.12625pt x 5
46.04pt>
File: Figures/Results/Muon/prefit/TT_vLepton_pt_doQCD1.pdf Graphic file (type p
df)
 <use Figures/Results/Muon/prefit/TT_vLepton_pt_doQCD1.pdf>
Package pdftex.def Info: Figures/Results/Muon/prefit/TT_vLepton_pt_doQCD1.pdf u
sed on input line 216.
(pdftex.def)             Requested size: 218.82251pt x 209.94693pt.

<Figures/Results/Muon/prefit/TT_GetWpt_doQCD1.pdf, id=3587, 569.12625pt x 546.0
4pt>
File: Figures/Results/Muon/prefit/TT_GetWpt_doQCD1.pdf Graphic file (type pdf)
 <use Figures/Results/Muon/prefit/TT_GetWpt_doQCD1.pdf>
Package pdftex.def Info: Figures/Results/Muon/prefit/TT_GetWpt_doQCD1.pdf used 
on input line 217.
(pdftex.def)             Requested size: 218.82251pt x 209.94693pt.

<Figures/Results/Muon/prefit/TT_H_pt_doQCD1.pdf, id=3588, 569.12625pt x 546.04p
t>
File: Figures/Results/Muon/prefit/TT_H_pt_doQCD1.pdf Graphic file (type pdf)
 <use Figures/Results/Muon/prefit/TT_H_pt_doQCD1.pdf>
Package pdftex.def Info: Figures/Results/Muon/prefit/TT_H_pt_doQCD1.pdf used on
 input line 218.
(pdftex.def)             Requested size: 218.82251pt x 209.94693pt.

<Figures/Results/Muon/prefit/TT_H_mass_doQCD1.pdf, id=3589, 569.12625pt x 546.0
4pt>
File: Figures/Results/Muon/prefit/TT_H_mass_doQCD1.pdf Graphic file (type pdf)
 <use Figures/Results/Muon/prefit/TT_H_mass_doQCD1.pdf>
Package pdftex.def Info: Figures/Results/Muon/prefit/TT_H_mass_doQCD1.pdf used 
on input line 219.
(pdftex.def)             Requested size: 218.82251pt x 209.94693pt.

<Figures/Results/Muon/prefit/TT_max_hJet_pt_doQCD1.pdf, id=3590, 569.12625pt x 
546.04pt>
File: Figures/Results/Muon/prefit/TT_max_hJet_pt_doQCD1.pdf Graphic file (type 
pdf)
 <use Figures/Results/Muon/prefit/TT_max_hJet_pt_doQCD1.pdf>
Package pdftex.def Info: Figures/Results/Muon/prefit/TT_max_hJet_pt_doQCD1.pdf 
used on input line 220.
(pdftex.def)             Requested size: 218.82251pt x 209.94693pt.


LaTeX Warning: Float too large for page by 65.95285pt on input line 224.

[79 <./Figures/FD-tt.png> <./Figures/FD-st.png> <./Figures/FD-WJ.png>] [80 <./F
igures/Results/Muon/prefit/TT_GetMET_doQCD1.pdf, page is rotated 90 degrees> <.
/Figures/Results/Muon/prefit/TT_vLepton_pt_doQCD1.pdf, page is rotated 90 degre
es> <./Figures/Results/Muon/prefit/TT_GetWpt_doQCD1.pdf, page is rotated 90 deg
rees> <./Figures/Results/Muon/prefit/TT_H_pt_doQCD1.pdf, page is rotated 90 deg
rees> <./Figures/Results/Muon/prefit/TT_H_mass_doQCD1.pdf, page is rotated 90 d
egrees> <./Figures/Results/Muon/prefit/TT_max_hJet_pt_doQCD1.pdf, page is rotat
ed 90 degrees>]
<Figures/Results/noBtag/Wbb_GetMET_doQCD1.pdf, id=3862, 569.12625pt x 546.04pt>
File: Figures/Results/noBtag/Wbb_GetMET_doQCD1.pdf Graphic file (type pdf)
<use Figures/Results/noBtag/Wbb_GetMET_doQCD1.pdf>
Package pdftex.def Info: Figures/Results/noBtag/Wbb_GetMET_doQCD1.pdf used on i
nput line 236.
(pdftex.def)             Requested size: 218.82251pt x 209.94693pt.

<Figures/Results/noBtag/Wbb_GetVMt_doQCD1.pdf, id=3863, 569.12625pt x 546.04pt>
File: Figures/Results/noBtag/Wbb_GetVMt_doQCD1.pdf Graphic file (type pdf)
<use Figures/Results/noBtag/Wbb_GetVMt_doQCD1.pdf>
Package pdftex.def Info: Figures/Results/noBtag/Wbb_GetVMt_doQCD1.pdf used on i
nput line 237.
(pdftex.def)             Requested size: 218.82251pt x 209.94693pt.

<Figures/Results/noBtag/Wbb_GetWpt_doQCD1.pdf, id=3864, 569.12625pt x 546.04pt>
File: Figures/Results/noBtag/Wbb_GetWpt_doQCD1.pdf Graphic file (type pdf)
<use Figures/Results/noBtag/Wbb_GetWpt_doQCD1.pdf>
Package pdftex.def Info: Figures/Results/noBtag/Wbb_GetWpt_doQCD1.pdf used on i
nput line 238.
(pdftex.def)             Requested size: 218.82251pt x 209.94693pt.

<Figures/Results/noBtag/Wbb_H_mass_doQCD1.pdf, id=3865, 569.12625pt x 546.04pt>
File: Figures/Results/noBtag/Wbb_H_mass_doQCD1.pdf Graphic file (type pdf)
<use Figures/Results/noBtag/Wbb_H_mass_doQCD1.pdf>
Package pdftex.def Info: Figures/Results/noBtag/Wbb_H_mass_doQCD1.pdf used on i
nput line 239.
(pdftex.def)             Requested size: 218.82251pt x 209.94693pt.
 [81]
<Figures/QCD_diag.png, id=3875, 284.06125pt x 199.74625pt>
File: Figures/QCD_diag.png Graphic file (type png)

<use Figures/QCD_diag.png>
Package pdftex.def Info: Figures/QCD_diag.png used on input line 256.
(pdftex.def)             Requested size: 182.35092pt x 128.23033pt.

<Figures/QCD_AB.png, id=3876, 351.3125pt x 296.10625pt>
File: Figures/QCD_AB.png Graphic file (type png)

<use Figures/QCD_AB.png>
Package pdftex.def Info: Figures/QCD_AB.png used on input line 257.
(pdftex.def)             Requested size: 205.14653pt x 172.91647pt.

<Figures/QCD_CD.pdf, id=3877, 351.08897pt x 225.28778pt>
File: Figures/QCD_CD.pdf Graphic file (type pdf)

<use Figures/QCD_CD.pdf>
Package pdftex.def Info: Figures/QCD_CD.pdf used on input line 264.
(pdftex.def)             Requested size: 410.29308pt x 263.29686pt.
 [82 <./Figures/Results/noBtag/Wbb_GetMET_doQCD1.pdf, page is rotated 90 degree
s> <./Figures/Results/noBtag/Wbb_GetVMt_doQCD1.pdf, page is rotated 90 degrees>
 <./Figures/Results/noBtag/Wbb_GetWpt_doQCD1.pdf, page is rotated 90 degrees> <
./Figures/Results/noBtag/Wbb_H_mass_doQCD1.pdf, page is rotated 90 degrees>]
<Figures/VMt_QCD_before.pdf, id=4056, 569.12625pt x 546.04pt>
File: Figures/VMt_QCD_before.pdf Graphic file (type pdf)

<use Figures/VMt_QCD_before.pdf>
Package pdftex.def Info: Figures/VMt_QCD_before.pdf used on input line 272.
(pdftex.def)             Requested size: 218.82251pt x 209.94693pt.

<Figures/VMt_QCD_after.pdf, id=4057, 569.12625pt x 546.04pt>
File: Figures/VMt_QCD_after.pdf Graphic file (type pdf)

<use Figures/VMt_QCD_after.pdf>
Package pdftex.def Info: Figures/VMt_QCD_after.pdf used on input line 273.
(pdftex.def)             Requested size: 218.82251pt x 209.94693pt.
) (./Chapters/Chapter7.tex [83 <./Figures/QCD_diag.png> <./Figures/QCD_AB.png>]
 [84 <./Figures/QCD_CD.pdf> <./Figures/VMt_QCD_before.pdf, page is rotated 90 d
egrees> <./Figures/VMt_QCD_after.pdf, page is rotated 90 degrees>]
Chapter 7.
------------------------------------------------------------------------------
 7 Cross section measurement
------------------------------------------------------------------------------
[85

] <Figures/4fsvs5fs.pdf, id=4205, 357.10254pt x 177.58997pt>
File: Figures/4fsvs5fs.pdf Graphic file (type pdf)

<use Figures/4fsvs5fs.pdf>
Package pdftex.def Info: Figures/4fsvs5fs.pdf used on input line 29.
(pdftex.def)             Requested size: 455.8843pt x 226.71822pt.
 [86 <./Figures/4fsvs5fs.pdf>] [87] [88] [89]
[90] <Figures/syst_Wbb_var.pdf, id=4287, 569.12625pt x 546.04pt>
File: Figures/syst_Wbb_var.pdf Graphic file (type pdf)

<use Figures/syst_Wbb_var.pdf>
Package pdftex.def Info: Figures/syst_Wbb_var.pdf used on input line 101.
(pdftex.def)             Requested size: 223.3858pt x 214.3295pt.

<Figures/syst_TT_var.pdf, id=4288, 569.12625pt x 546.04pt>
File: Figures/syst_TT_var.pdf Graphic file (type pdf)

<use Figures/syst_TT_var.pdf>
Package pdftex.def Info: Figures/syst_TT_var.pdf used on input line 102.
(pdftex.def)             Requested size: 223.3858pt x 214.3295pt.
 [91 <./Figures/syst_Wbb_var.pdf, page is rotated 90 degrees> <./Figures/syst_T
T_var.pdf, page is rotated 90 degrees>] [92]
\openout2 = `Figures/Results/Muon/yield_table_mu.aux'.


(./Figures/Results/Muon/yield_table_mu.tex)

LaTeX Warning: `!h' float specifier changed to `!ht'.

\openout2 = `Figures/Results/Electron/yield_table_ele.aux'.

(./Figures/Results/Electron/yield_table_ele.tex)

LaTeX Warning: `!h' float specifier changed to `!ht'.


<Figures/Results/Muon/postfit/Wbb_GetMET_doQCD1.pdf, id=4394, 569.12625pt x 546
.04pt>
File: Figures/Results/Muon/postfit/Wbb_GetMET_doQCD1.pdf Graphic file (type pdf
)
 <use Figures/Results/Muon/postfit/Wbb_GetMET_doQCD1.pdf>
Package pdftex.def Info: Figures/Results/Muon/postfit/Wbb_GetMET_doQCD1.pdf use
d on input line 185.
(pdftex.def)             Requested size: 218.82251pt x 209.94693pt.

<Figures/Results/Muon/postfit/Wbb_vLepton_pt_doQCD1.pdf, id=4395, 569.12625pt x
 546.04pt>
File: Figures/Results/Muon/postfit/Wbb_vLepton_pt_doQCD1.pdf Graphic file (type
 pdf)
 <use Figures/Results/Muon/postfit/Wbb_vLepton_pt_doQCD1.pdf>
Package pdftex.def Info: Figures/Results/Muon/postfit/Wbb_vLepton_pt_doQCD1.pdf
 used on input line 186.
(pdftex.def)             Requested size: 218.82251pt x 209.94693pt.

<Figures/Results/Muon/postfit/Wbb_GetWpt_doQCD1.pdf, id=4396, 569.12625pt x 546
.04pt>
File: Figures/Results/Muon/postfit/Wbb_GetWpt_doQCD1.pdf Graphic file (type pdf
)
 <use Figures/Results/Muon/postfit/Wbb_GetWpt_doQCD1.pdf>
Package pdftex.def Info: Figures/Results/Muon/postfit/Wbb_GetWpt_doQCD1.pdf use
d on input line 187.
(pdftex.def)             Requested size: 218.82251pt x 209.94693pt.

<Figures/Results/Muon/postfit/Wbb_H_pt_doQCD1.pdf, id=4397, 569.12625pt x 546.0
4pt>
File: Figures/Results/Muon/postfit/Wbb_H_pt_doQCD1.pdf Graphic file (type pdf)
 <use Figures/Results/Muon/postfit/Wbb_H_pt_doQCD1.pdf>
Package pdftex.def Info: Figures/Results/Muon/postfit/Wbb_H_pt_doQCD1.pdf used 
on input line 188.
(pdftex.def)             Requested size: 218.82251pt x 209.94693pt.

<Figures/Results/Muon/postfit/Wbb_H_mass_doQCD1.pdf, id=4398, 569.12625pt x 546
.04pt>
File: Figures/Results/Muon/postfit/Wbb_H_mass_doQCD1.pdf Graphic file (type pdf
)
 <use Figures/Results/Muon/postfit/Wbb_H_mass_doQCD1.pdf>
Package pdftex.def Info: Figures/Results/Muon/postfit/Wbb_H_mass_doQCD1.pdf use
d on input line 189.
(pdftex.def)             Requested size: 218.82251pt x 209.94693pt.

<Figures/Results/Muon/postfit/Wbb_max_hJet_pt_doQCD1.pdf, id=4399, 569.12625pt 
x 546.04pt>
File: Figures/Results/Muon/postfit/Wbb_max_hJet_pt_doQCD1.pdf Graphic file (typ
e pdf)
 <use Figures/Results/Muon/postfit/Wbb_max_hJet_pt_doQCD1.pdf>
Package pdftex.def Info: Figures/Results/Muon/postfit/Wbb_max_hJet_pt_doQCD1.pd
f used on input line 190.
(pdftex.def)             Requested size: 218.82251pt x 209.94693pt.


LaTeX Warning: Float too large for page by 11.55283pt on input line 194.


<Figures/Results/Electron/postfit/Wbb_GetMET_doQCD1.pdf, id=4400, 569.12625pt x
 546.04pt>
File: Figures/Results/Electron/postfit/Wbb_GetMET_doQCD1.pdf Graphic file (type
 pdf)
 <use Figures/Results/Electron/postfit/Wbb_GetMET_doQCD1.pdf>
Package pdftex.def Info: Figures/Results/Electron/postfit/Wbb_GetMET_doQCD1.pdf
 used on input line 198.
(pdftex.def)             Requested size: 218.82251pt x 209.94693pt.

<Figures/Results/Electron/postfit/Wbb_vLepton_pt_doQCD1.pdf, id=4401, 569.12625
pt x 546.04pt>
File: Figures/Results/Electron/postfit/Wbb_vLepton_pt_doQCD1.pdf Graphic file (
type pdf)

<use Figures/Results/Electron/postfit/Wbb_vLepton_pt_doQCD1.pdf>
Package pdftex.def Info: Figures/Results/Electron/postfit/Wbb_vLepton_pt_doQCD1
.pdf used on input line 199.
(pdftex.def)             Requested size: 218.82251pt x 209.94693pt.

<Figures/Results/Electron/postfit/Wbb_GetWpt_doQCD1.pdf, id=4402, 569.12625pt x
 546.04pt>
File: Figures/Results/Electron/postfit/Wbb_GetWpt_doQCD1.pdf Graphic file (type
 pdf)
 <use Figures/Results/Electron/postfit/Wbb_GetWpt_doQCD1.pdf>
Package pdftex.def Info: Figures/Results/Electron/postfit/Wbb_GetWpt_doQCD1.pdf
 used on input line 200.
(pdftex.def)             Requested size: 218.82251pt x 209.94693pt.

<Figures/Results/Electron/postfit/Wbb_H_pt_doQCD1.pdf, id=4403, 569.12625pt x 5
46.04pt>
File: Figures/Results/Electron/postfit/Wbb_H_pt_doQCD1.pdf Graphic file (type p
df)
 <use Figures/Results/Electron/postfit/Wbb_H_pt_doQCD1.pdf>
Package pdftex.def Info: Figures/Results/Electron/postfit/Wbb_H_pt_doQCD1.pdf u
sed on input line 201.
(pdftex.def)             Requested size: 218.82251pt x 209.94693pt.

<Figures/Results/Electron/postfit/Wbb_H_mass_doQCD1.pdf, id=4404, 569.12625pt x
 546.04pt>
File: Figures/Results/Electron/postfit/Wbb_H_mass_doQCD1.pdf Graphic file (type
 pdf)
 <use Figures/Results/Electron/postfit/Wbb_H_mass_doQCD1.pdf>
Package pdftex.def Info: Figures/Results/Electron/postfit/Wbb_H_mass_doQCD1.pdf
 used on input line 202.
(pdftex.def)             Requested size: 218.82251pt x 209.94693pt.

<Figures/Results/Electron/postfit/Wbb_max_hJet_pt_doQCD1.pdf, id=4405, 569.1262
5pt x 546.04pt>
File: Figures/Results/Electron/postfit/Wbb_max_hJet_pt_doQCD1.pdf Graphic file 
(type pdf)

<use Figures/Results/Electron/postfit/Wbb_max_hJet_pt_doQCD1.pdf>
Package pdftex.def Info: Figures/Results/Electron/postfit/Wbb_max_hJet_pt_doQCD
1.pdf used on input line 203.
(pdftex.def)             Requested size: 218.82251pt x 209.94693pt.


LaTeX Warning: Float too large for page by 11.55283pt on input line 207.

[93] [94 <./Figures/Results/Muon/postfit/Wbb_GetMET_doQCD1.pdf, page is rotated
 90 degrees> <./Figures/Results/Muon/postfit/Wbb_vLepton_pt_doQCD1.pdf, page is
 rotated 90 degrees> <./Figures/Results/Muon/postfit/Wbb_GetWpt_doQCD1.pdf, pag
e is rotated 90 degrees> <./Figures/Results/Muon/postfit/Wbb_H_pt_doQCD1.pdf, p
age is rotated 90 degrees> <./Figures/Results/Muon/postfit/Wbb_H_mass_doQCD1.pd
f, page is rotated 90 degrees> <./Figures/Results/Muon/postfit/Wbb_max_hJet_pt_
doQCD1.pdf, page is rotated 90 degrees>] [95 <./Figures/Results/Electron/postfi
t/Wbb_GetMET_doQCD1.pdf, page is rotated 90 degrees> <./Figures/Results/Electro
n/postfit/Wbb_vLepton_pt_doQCD1.pdf, page is rotated 90 degrees> <./Figures/Res
ults/Electron/postfit/Wbb_GetWpt_doQCD1.pdf, page is rotated 90 degrees> <./Fig
ures/Results/Electron/postfit/Wbb_H_pt_doQCD1.pdf, page is rotated 90 degrees> 
<./Figures/Results/Electron/postfit/Wbb_H_mass_doQCD1.pdf, page is rotated 90 d
egrees> <./Figures/Results/Electron/postfit/Wbb_max_hJet_pt_doQCD1.pdf, page is
 rotated 90 degrees>]
\openout2 = `Figures/Results/Muon/syst_table_mu.aux'.

 (./Figures/Results/Muon/syst_table_mu.tex)
\openout2 = `Figures/Results/Electron/syst_table_ele.aux'.


(./Figures/Results/Electron/syst_table_ele.tex) [96






] [97


]
Overfull \hbox (38.05225pt too wide) detected at line 283
\OML/cmm/m/it/12 ^^[[]\OT1/cmr/m/n/12 (\OML/cmm/m/it/12 pp \OMS/cmsy/m/n/12 ! \
OML/cmm/m/it/12 W \OT1/cmr/m/n/12 + \OML/cmm/m/it/12 bb\OT1/cmr/m/n/12 ) \OMS/c
msy/m/n/12 ^^B B\OT1/cmr/m/n/12 (\OML/cmm/m/it/12 W \OMS/cmsy/m/n/12 ! \OML/cmm
/m/it/12 l^^W\OT1/cmr/m/n/12 ) = 0\OML/cmm/m/it/12 :\OT1/cmr/m/n/12 508 \OMS/cm
sy/m/n/12 ^^F \OT1/cmr/m/n/12 0\OML/cmm/m/it/12 :\OT1/cmr/m/n/12 001([]) \OMS/c
msy/m/n/12 ^^F \OT1/cmr/m/n/12 0\OML/cmm/m/it/12 :\OT1/cmr/m/n/12 005([]) \OMS/
cmsy/m/n/12 ^^F \OT1/cmr/m/n/12 0\OML/cmm/m/it/12 :\OT1/cmr/m/n/12 029([]) \OMS
/cmsy/m/n/12 ^^F \OT1/cmr/m/n/12 0\OML/cmm/m/it/12 :\OT1/cmr/m/n/12 01([])[]
 []

[98] [99]) (./Chapters/Chapter8.tex [100]
Chapter 8.
------------------------------------------------------------------------------
 8 Conclusions
------------------------------------------------------------------------------
[101

]) (./Chapters/Chapter9.tex [102]
Chapter 9.
------------------------------------------------------------------------------
 9 Strukturirani sa\IeC {\v z}etak - Mjerenje udarnog presjeka zajedni\IeC {\v 
c}ke produkcije W bozona i para b kvarkova
------------------------------------------------------------------------------
[103

] [104] [105] [106] [107] [108] [109]

LaTeX Warning: Command \dj invalid in math mode on input line 80.


LaTeX Warning: Command \dj invalid in math mode on input line 80.

[110]
Overfull \hbox (2.5702pt too wide) in paragraph at lines 117--119
\OT1/cmr/m/n/12 Navedeni re-zul-tati uklju^^Tcuju sve pret-hodno na-ve-dene sis
-te-mat-ske neodre[]denosti. Me[]dutim,
 []

[111]) (./Appendices/AppendixA.tex [112]
Appendix A.
------------------------------------------------------------------------------
 A Lorentz angle measurement in Pixel detector
------------------------------------------------------------------------------
[113

] <Figures/kut.png, id=5039, 358.4592pt x 255.8358pt>
File: Figures/kut.png Graphic file (type png)

<use Figures/kut.png>
Package pdftex.def Info: Figures/kut.png used on input line 34.
(pdftex.def)             Requested size: 227.94214pt x 162.68425pt.
 [114 <./Figures/kut.png>]
<Figures/LA2012_2D.png, id=5053, 598.235pt x 574.145pt>
File: Figures/LA2012_2D.png Graphic file (type png)

<use Figures/LA2012_2D.png>
Package pdftex.def Info: Figures/LA2012_2D.png used on input line 53.
(pdftex.def)             Requested size: 227.94214pt x 218.76433pt.

<Figures/LA2012_Profile.png, id=5054, 569.12625pt x 546.04pt>
File: Figures/LA2012_Profile.png Graphic file (type png)

<use Figures/LA2012_Profile.png>
Package pdftex.def Info: Figures/LA2012_Profile.png used on input line 60.
(pdftex.def)             Requested size: 227.94214pt x 218.6954pt.
 [115 <./Figures/LA2012_2D.png> <./Figures/LA2012_Profile.png>] <Figures/LA2012
.png, id=5062, 457.71pt x 444.059pt>
File: Figures/LA2012.png Graphic file (type png)

<use Figures/LA2012.png>
Package pdftex.def Info: Figures/LA2012.png used on input line 87.
(pdftex.def)             Requested size: 227.94214pt x 221.14131pt.
 [116 <./Figures/LA2012.png>]
<Figures/LA_VMethod_2015.pdf, id=5069, 569.12625pt x 546.04pt>
File: Figures/LA_VMethod_2015.pdf Graphic file (type pdf)

<use Figures/LA_VMethod_2015.pdf>
Package pdftex.def Info: Figures/LA_VMethod_2015.pdf used on input line 107.
(pdftex.def)             Requested size: 227.94214pt x 218.6954pt.
 [117 <./Figures/LA_VMethod_2015.pdf, page is rotated 90 degrees>]) [118]
------------------------------------------------------------------------------
 Bibliography
------------------------------------------------------------------------------
(./main.bbl [119


] [120] [121] [122] [123] [124] [125] [126])
Package atveryend Info: Empty hook `BeforeClearDocument' on input line 358.
 [127]
Package atveryend Info: Empty hook `AfterLastShipout' on input line 358.
 (./main.aux
(./Figures/Results/Muon/yield_table_mu.aux)
(./Figures/Results/Electron/yield_table_ele.aux)
(./Figures/Results/Muon/syst_table_mu.aux)
(./Figures/Results/Electron/syst_table_ele.aux))
Package atveryend Info: Executing hook `AtVeryEndDocument' on input line 358.
Package atveryend Info: Executing hook `AtEndAfterFileList' on input line 358.
Package rerunfilecheck Info: File `main.out' has not changed.
(rerunfilecheck)             Checksum: 4E083C66DF3CF3D8E8A456939A50910D;14359.


LaTeX Font Warning: Size substitutions with differences
(Font)              up to 1.28pt have occurred.

Package atveryend Info: Empty hook `AtVeryVeryEnd' on input line 358.
 ) 
Here is how much of TeX's memory you used:
 15538 strings out of 493315
 230655 string characters out of 6137903
 309045 words of memory out of 5000000
 18172 multiletter control sequences out of 15000+600000
 17827 words of font info for 56 fonts, out of 8000000 for 9000
 957 hyphenation exceptions out of 8191
 49i,15n,75p,2798b,588s stack positions out of 5000i,500n,10000p,200000b,80000s
{/usr/local/texlive/2013/texmf-dist/fonts/enc/dvips/base/8r.enc}</usr/local/t
exlive/2013/texmf-dist/fonts/type1/public/amsfonts/cm/cmbx10.pfb></usr/local/te
xlive/2013/texmf-dist/fonts/type1/public/amsfonts/cm/cmbx12.pfb></usr/local/tex
live/2013/texmf-dist/fonts/type1/public/amsfonts/cm/cmbx9.pfb></usr/local/texli
ve/2013/texmf-dist/fonts/type1/public/amsfonts/cm/cmbxti10.pfb></usr/local/texl
ive/2013/texmf-dist/fonts/type1/public/amsfonts/cm/cmcsc10.pfb></usr/local/texl
ive/2013/texmf-dist/fonts/type1/public/amsfonts/cm/cmex10.pfb></usr/local/texli
ve/2013/texmf-dist/fonts/type1/public/amsfonts/cm/cmmi10.pfb></usr/local/texliv
e/2013/texmf-dist/fonts/type1/public/amsfonts/cm/cmmi12.pfb></usr/local/texlive
/2013/texmf-dist/fonts/type1/public/amsfonts/cm/cmmi6.pfb></usr/local/texlive/2
013/texmf-dist/fonts/type1/public/amsfonts/cm/cmmi7.pfb></usr/local/texlive/201
3/texmf-dist/fonts/type1/public/amsfonts/cm/cmmi8.pfb></usr/local/texlive/2013/
texmf-dist/fonts/type1/public/amsfonts/cm/cmmi9.pfb></usr/local/texlive/2013/te
xmf-dist/fonts/type1/public/amsfonts/cm/cmr10.pfb></usr/local/texlive/2013/texm
f-dist/fonts/type1/public/amsfonts/cm/cmr12.pfb></usr/local/texlive/2013/texmf-
dist/fonts/type1/public/amsfonts/cm/cmr17.pfb></usr/local/texlive/2013/texmf-di
st/fonts/type1/public/amsfonts/cm/cmr6.pfb></usr/local/texlive/2013/texmf-dist/
fonts/type1/public/amsfonts/cm/cmr7.pfb></usr/local/texlive/2013/texmf-dist/fon
ts/type1/public/amsfonts/cm/cmr8.pfb></usr/local/texlive/2013/texmf-dist/fonts/
type1/public/amsfonts/cm/cmr9.pfb></usr/local/texlive/2013/texmf-dist/fonts/typ
e1/public/amsfonts/cm/cmssbx10.pfb></usr/local/texlive/2013/texmf-dist/fonts/ty
pe1/public/amsfonts/cm/cmsy10.pfb></usr/local/texlive/2013/texmf-dist/fonts/typ
e1/public/amsfonts/cm/cmsy8.pfb></usr/local/texlive/2013/texmf-dist/fonts/type1
/public/amsfonts/cm/cmti10.pfb></usr/local/texlive/2013/texmf-dist/fonts/type1/
public/amsfonts/cm/cmti12.pfb></usr/local/texlive/2013/texmf-dist/fonts/type1/p
ublic/amsfonts/cm/cmti9.pfb></usr/local/texlive/2013/texmf-dist/fonts/type1/pub
lic/amsfonts/cm/cmtt10.pfb></usr/local/texlive/2013/texmf-dist/fonts/type1/publ
ic/amsfonts/cm/cmtt12.pfb></usr/local/texlive/2013/texmf-dist/fonts/type1/publi
c/mathpazo/fplmr.pfb></usr/local/texlive/2013/texmf-dist/fonts/type1/public/mat
hpazo/fplmri.pfb></usr/local/texlive/2013/texmf-dist/fonts/type1/public/cm-supe
r/sfrm1200.pfb></usr/local/texlive/2013/texmf-dist/fonts/type1/public/cm-super/
sfsx1440.pfb></usr/local/texlive/2013/texmf-dist/fonts/type1/urw/helvetic/uhvb8
a.pfb></usr/local/texlive/2013/texmf-dist/fonts/type1/urw/helvetic/uhvr8a.pfb><
/usr/local/texlive/2013/texmf-dist/fonts/type1/urw/helvetic/uhvr8ac.pfb></usr/l
ocal/texlive/2013/texmf-dist/fonts/type1/urw/palatino/uplb8a.pfb></usr/local/te
xlive/2013/texmf-dist/fonts/type1/urw/palatino/uplr8a.pfb></usr/local/texlive/2
013/texmf-dist/fonts/type1/urw/palatino/uplri8a.pfb></usr/local/texlive/2013/te
xmf-dist/fonts/type1/urw/symbol/usyr.pfb></usr/local/texlive/2013/texmf-dist/fo
nts/type1/urw/symbol/usyr.pfb></usr/local/texlive/2013/texmf-dist/fonts/type1/u
rw/times/utmb8a.pfb></usr/local/texlive/2013/texmf-dist/fonts/type1/urw/times/u
tmr8a.pfb></usr/local/texlive/2013/texmf-dist/fonts/type1/urw/times/utmri8a.pfb
>
Output written on main.pdf (143 pages, 10680910 bytes).
PDF statistics:
 5354 PDF objects out of 6186 (max. 8388607)
 3594 compressed objects within 36 object streams
 430 named destinations out of 1000 (max. 500000)
 1089 words of extra memory for PDF output out of 10000 (max. 10000000)

